vb	effective	1	0	0	0
vbn	blessed	1	0	0	0
vb	donate	1	0	1	0
vb	consult	1	0	0	0
vbz	turns	1	0	0	0
vb	download	1	0	1	0
vbd	scaled	1	0	0	0
vbn	named	1	0	0	0
vb	give	1	2	2	1
vbd	closed	1	0	0	0
vbd	dropped	1	0	0	0
vbn	constructed	1	0	0	0
vbg	bombing	1	0	0	0
vb	condemn	1	0	0	0
vb	win	0	1	0	0
vbd	announced	0	1	0	0
vbg	giving	0	1	2	0
vb	sing	0	0	1	0
vbg	telling	0	0	1	0
vb	need	0	0	1	0
vbg	posting	0	0	1	1
vb	do	0	0	2	2
vbn	defaced	0	0	1	0
vbd	archived	0	0	1	0
vb	send	0	0	1	0
vbg	changing	0	0	1	0
vbz	confirms	0	0	1	0
vb	assume	0	0	1	0
vbd	pointed	0	0	1	0
vbg	representing	0	0	1	1
vbg	killing	0	0	1	0
vbg	selling	0	0	1	0
vbg	making	0	0	3	1
nnp	make	0	0	2	0
vbd	cut	0	0	1	0
vb	raise	0	0	1	0
vbp	say	0	0	1	1
vbg	blaming	0	0	1	0
vb	improve	0	0	2	0
vb	make	0	0	7	4
vb	organize	0	0	1	0
vbd	blockaded	0	0	1	0
vbg	banning	0	0	1	0
vbp	strut	0	0	1	0
vbg	getting	0	0	1	0
vbn	blown	0	0	1	0
vb	broaden	0	0	1	0
vbg	burning	0	0	1	0
vbp	have	0	0	1	1
vb	flash	0	0	1	0
vbg	denouncing	0	0	1	0
vb	watch	0	0	2	0
vbg	suspending	0	0	1	1
vbg	unfogging	0	0	1	0
vb	explain	0	0	2	0
vbg	interesting	0	0	1	0
vbd	made	0	0	3	4
vbz	collects	0	0	1	0
vb	build	0	0	4	0
vbg	exposing	0	0	1	0
vb	ban	0	0	2	0
vbg	submitting	0	0	1	0
vb	profile	0	0	1	0
vbg	falsifying	0	0	1	0
vbg	criticizing	0	0	1	0
vbg	mapping	0	0	1	0
vb	favor	0	0	1	0
vbg	blogging	0	0	1	1
vb	create	0	0	2	1
vb	install	0	0	1	0
vb	save	0	0	2	0
vbg	pharming	0	0	1	0
vb	keep	0	0	1	0
vb	test	0	0	1	0
vb	sell	0	0	2	0
vb	read	0	0	2	2
vbg	thrilling	0	0	1	0
vb	eat	0	0	1	0
vbg	dimming	0	0	1	0
vb	redefine	0	0	1	0
vbd	inspired	0	0	1	0
vb	stop	0	0	1	0
vb	cancel	0	0	1	0
vbn	shown	0	0	1	2
vbn	filed	0	0	1	0
vbn	removed	0	0	1	0
vb	buy	0	0	1	0
vbz	demonstrates	0	0	1	0
vbz	sends	0	0	1	0
vb	learn	0	0	1	0
vb	kill	0	0	1	0
vb	map	0	0	1	0
vbg	keeping	0	0	2	0
vb	expand	0	0	1	0
vbd	arranged	0	0	1	0
vbg	finding	0	0	2	0
vbg	opening	0	0	1	0
vbg	reviewing	0	0	1	0
vb	see	0	0	3	5
vb	reverse	0	0	1	1
nnp	play	0	0	1	0
vb	defend	0	0	1	0
vbz	urges	0	0	1	0
vbd	received	0	0	2	0
vbz	contemporary	0	0	1	0
vb	spray	0	0	1	0
vb	batter	0	0	1	0
vb	catch	0	0	1	0
vbg	unleashing	0	0	1	0
vb	unravel	0	0	1	0
vb	generate	0	0	2	0
vbd	approved	0	0	1	0
vb	question	0	0	2	0
vbn	opened	0	0	1	0
vbd	died	0	0	7	0
vb	bathe	0	0	1	0
vbd	shared	0	0	1	0
vb	take	0	0	2	1
vb	shave	0	0	1	0
vb	experience	0	0	1	0
vbz	pours	0	0	1	0
vbg	streaming	0	0	1	0
vb	portuguese	0	0	1	0
vbn	shot	0	0	2	0
vbn	launched	0	0	1	0
vbd	welcomed	0	0	1	0
vb	rock	0	0	1	0
vb	vintage	0	0	1	0
vbd	read	0	0	1	0
vbd	signed	0	0	1	0
vbg	crashing	0	0	1	0
vb	peel	0	0	1	0
vb	shape	0	0	1	0
vbd	commissioned	0	0	1	1
vbg	legalizing	0	0	1	0
vbg	adding	0	0	1	0
vb	exploit	0	0	1	0
vb	nice	0	0	1	0
vb	order	0	0	1	0
vbz	makes	0	0	1	2
vbd	shot	0	0	1	0
vbn	dropped	0	0	2	0
vbd	misused	0	0	1	0
vbd	found	0	0	1	0
vbg	judging	0	0	1	0
vbd	won	0	0	3	1
vb	run	0	0	1	0
vbd	attended	0	0	1	0
vbg	saving	0	0	1	0
vbg	breaking	0	0	1	0
vbn	beaten	0	0	1	0
vb	dump	0	0	1	0
vb	get	0	0	4	3
vbn	settled	0	0	1	0
vb	post	0	0	1	0
vb	safeguard	0	0	1	0
vbg	pumping	0	0	1	0
vb	benefit	0	0	1	0
vb	share	0	0	1	0
vb	release	0	0	2	0
vb	roll	0	0	1	0
vbn	worn	0	0	1	0
vb	become	0	0	1	0
vbn	reached	0	0	1	0
vb	pull	0	0	2	0
vbd	joined	0	0	1	0
vb	decorate	0	0	1	0
vb	exclude	0	0	1	0
vb	quiz	0	0	1	0
vb	banknote	0	0	1	0
vbn	undearthed	0	0	1	0
vb	publish	0	0	1	0
vb	try	0	0	1	1
vb	choose	0	0	1	1
vb	protect	0	0	1	0
vbd	filled	0	0	1	0
vbg	fighting	0	0	1	0
vbg	seeking	0	0	1	0
vbn	sought	0	0	1	0
vbp	take	0	0	1	0
vbd	struck	0	0	1	1
vbd	tackled	0	0	1	0
vbd	contracted	0	0	1	0
vbd	severed	0	0	1	0
vbg	enlisting	0	0	1	0
vb	serve	0	0	1	0
vb	touch	0	0	1	0
vbg	filling	0	0	1	0
vbd	seized	0	0	1	0
vbg	growing	0	0	1	0
vbd	resigned	0	0	2	0
vbd	improvised	0	0	1	0
vbd	took	0	0	1	0
vbn	published	0	0	1	0
vb	crash	0	0	1	0
vbn	given	0	0	1	0
vbg	holding	0	0	1	0
vbd	critized	0	0	1	0
vbn	shared	0	0	1	0
vb	sock	0	0	1	0
vb	discuss	0	0	1	0
vbd	posted	0	0	1	0
vbd	focused	0	0	1	0
vb	play	0	0	2	0
vbd	unusual	0	0	1	0
vbz	lives	0	0	1	0
vb	sign	0	0	1	0
vbd	sold	0	0	1	0
vbg	hitting	0	0	1	0
vb	colonize	0	0	1	0
vb	evolve	0	0	1	0
vbz	uploads	0	0	1	0
vb	remember	0	0	1	0
vbg	catching	0	0	1	0
vbg	issuing	0	0	1	0
vbg	faking	0	0	1	0
vbg	connecting	0	0	1	0
vb	facebook	0	0	1	0
vbn	solicited	0	0	1	0
vbd	endorsed	0	0	1	0
vb	mitigate	0	0	1	0
vbg	going	0	0	1	0
vb	reconstruct	0	0	1	0
vbd	flung	0	0	1	0
vbz	eats	0	0	2	0
vbg	returning	0	0	1	0
vbd	photographed	0	0	1	0
vb	accommodate	0	0	1	0
vbg	depicting	0	0	1	0
vbd	paid	0	0	1	1
vb	die	0	0	1	0
vbn	unprotected	0	0	1	0
vb	spark	0	0	1	0
vbg	conducting	0	0	1	0
vbg	providing	0	0	1	0
vbz	sells	0	0	1	0
vbn	found	0	0	1	0
vbg	celebrating	0	0	1	1
vbg	kicking	0	0	1	0
vb	destroy	0	0	1	0
vbg	running	0	0	1	1
vbg	analyzing	0	0	1	0
vbn	yanked	0	0	1	0
vb	attempt	0	0	1	0
vbd	wrote	0	0	1	4
vbg	building	0	0	1	0
vbg	delivering	0	0	1	0
vbg	watching	0	0	1	1
vbz	redubs	0	0	1	0
vbd	sicced	0	0	1	0
vbg	boiling	0	0	1	0
vbg	seeing	0	0	1	0
vbz	assesses	0	0	1	0
vbz	debunks	0	0	1	0
vbg	using	0	0	1	2
vb	set	0	0	1	0
vbg	welcoming	0	0	1	0
vbn	worried	0	0	1	0
vb	funnel	0	0	1	0
vbn	acquired	0	0	1	0
vb	delist	0	0	1	0
vb	express	0	0	1	0
vbn	claimed	0	0	1	0
vbg	baengnyeong	0	0	1	0
vb	hold	0	0	1	0
vbg	loaning	0	0	1	0
vb	shadow	0	0	1	0
vbg	playing	0	0	1	0
vbp	view	0	0	1	0
vbz	describes	0	0	1	0
vbd	removed	0	0	1	0
vbd	names	0	0	1	0
vbn	reverend	0	0	1	0
vbn	downloaded	0	0	1	0
vb	ostentatious	0	0	1	0
vbg	charging	0	0	1	0
vbn	reduced	0	0	1	0
vb	calculate	0	0	1	0
vbg	fielding	0	0	1	0
vbn	pitched	0	0	1	0
vbn	braced	0	0	1	0
vbd	published	0	0	1	2
vbd	lost	0	0	1	0
vb	breathe	0	0	1	0
vb	into	0	0	1	0
vb	norse	0	0	1	0
vbd	ran	0	0	0	1
vbz	features	0	0	0	2
vbn	unveiled	0	0	0	1
vb	please	0	0	0	1
vb	follow	0	0	0	2
vbd	saw	0	0	0	1
vbp	close	0	0	0	1
vbd	had	0	0	0	2
vb	activate	0	0	0	1
vbg	turning	0	0	0	1
vbd	was	0	0	0	2
vb	allow	0	0	0	2
vbn	initiatied	0	0	0	1
vb	believe	0	0	0	1
vbg	dumping	0	0	0	1
vbd	visited	0	0	0	1
vbg	sending	0	0	0	1
vb	ask	0	0	0	1
vbd	hired	0	0	0	1
vbd	earned	0	0	0	1
vbd	happened	0	0	0	1
vb	produce	0	0	0	1
vbd	released	0	0	0	1
vbg	linking	0	0	0	1
vbz	remains	0	0	0	2
vbn	linked	0	0	0	1
vbg	reading	0	0	0	1
vbg	creating	0	0	0	1
vb	compare	0	0	0	1
vbn	heard	0	0	0	1
vbg	following	0	0	0	1
vbz	includes	0	0	0	2
vbd	asked	0	0	0	1
vbd	did	0	0	0	3
vbn	updated	0	0	0	1
vbd	achieved	0	0	0	1
vbn	written	0	0	0	2
vb	distinguish	0	0	0	1
vbz	provides	0	0	0	2
vb	foster	0	0	0	1
vbg	echoing	0	0	0	1
vbz	supports	0	0	0	1
vb	fertilize	0	0	0	1
vb	reduce	0	0	0	1
vbd	became	0	0	0	2
vbg	embarassing	0	0	0	1
vb	use	0	0	0	1
vbg	allowing	0	0	0	1
vbn	held	0	0	0	1
vbn	dubbed	0	0	0	1
vbd	spent	0	0	0	1
vbn	spliced	0	0	0	1
vbd	changed	0	0	0	1
vb	turn	0	0	0	2
vbg	helping	0	0	0	1
vbn	covered	0	0	0	1
vb	outsource	0	0	0	1
vbz	is	0	0	0	2
vb	transform	0	0	0	1
vb	forget	0	0	0	1
vbz	adds	0	0	0	1
vb	put	0	0	0	1
vbz	creates	0	0	0	1
vbp	need	0	0	0	1
vb	say	0	0	0	1
vbn	made	0	0	0	2
vbn	supported	0	0	0	1
vb	have	0	0	0	1
vbg	causing	0	0	0	1
vb	visit	0	0	0	2
vbd	commemorated	0	0	0	1
vb	host	0	0	0	1
vb	know	0	0	0	1
vb	fetch	0	0	0	1
vbz	bears	0	0	0	1
vb	undergo	0	0	0	1
vbd	performed	0	0	0	1
vbn	seen	0	0	0	1
vbd	caused	0	0	0	1
vbd	presented	0	0	0	1
vbn	witnessing	0	0	0	1
vbn	called	0	0	0	2
vb	capture	0	0	0	1
vbd	put	0	0	0	1
vb	write	0	0	0	1
vb	answer	0	0	0	1
vbd	named	0	0	0	1
vbz	celebrates	0	0	0	1
vbd	expressed	0	0	0	1
vbn	received	0	0	0	1
vbd	turned	0	0	0	1
vbp	make	0	0	0	1
vbd	predicted	0	0	0	1
vb	mind	0	0	0	1
vbd	expected	0	0	0	1
vbn	thrown	0	0	0	1
vbg	sparking	0	0	0	2
vbn	been	0	0	0	2
vbg	doing	0	0	0	2
vbz	offers	0	0	0	2
vbd	chucklehead	0	0	0	1
vbg	becoming	0	0	0	1
vb	ensure	0	0	0	1
vbp	include	0	0	0	1
vb	fill	0	0	0	1
vb	offer	0	0	0	1
vbz	claims	0	0	0	1
vb	miss	0	0	0	1
vbn	missed	0	0	0	1
vbd	spawned	0	0	0	1
vbd	formed	0	0	0	1
vb	introduce	0	0	0	1
vbz	presents	0	0	0	1
vbp	plan	0	0	0	1
vbp	receive	0	0	0	1
vbz	has	0	0	0	2
vbz	shares	0	0	0	1
vbn	outlined	0	0	0	1
vbg	covering	0	0	0	1
vbd	led	0	0	0	1
vbd	went	0	0	0	1
vbd	clicked	0	0	0	1
jj	affected	0	0	0	1
vbp	like	0	0	0	1
vbz	finds	0	0	0	1
vbn	answered	0	0	0	1
vbd	posts	0	0	0	1
vb	like	0	0	0	1
vb	go	0	0	0	1
vb	face	0	0	0	1
vbn	posted	0	0	0	1
vbz	performs	0	0	0	1
vbn	created	0	0	0	1
vb	bartering	0	0	0	1
