category	word	link on verb	link on VP
vbd	rocked	1	0
vbz	bookmarklets	1	0
vb	win	2	2
vb	spoofmail	1	0
vbz	scares	1	0
vbg	redesigning	1	0
vb	adopt	1	0
vbg	ananova	1	0
vbg	investigating	1	0
vb	webwasher	1	0
vbg	bemoaning	1	0
vb	helpdesk	1	0
vbd	took	1	2
vb	need	1	0
vbz	kausfiles	1	0
vbg	directing	1	0
vbz	auroras	1	0
vbg	anticipating	1	0
vbg	farting	1	0
vbg	brozac	1	0
vbd	happened	1	0
vb	download	4	7
vbz	is	2	20
vbg	teaching	1	1
vbg	battling	1	0
vbg	reducing	1	0
vbp	hate	4	0
vbz	builds	1	1
vbg	telemarketing	1	0
vbg	appealing	1	0
vbp	build	1	1
vbz	recalls	2	0
vbn	produced	1	1
vbg	setting	1	1
vbg	swallowing	1	0
vb	beautify	1	0
vb	canonize	1	0
vb	cable	1	0
vb	bury	1	1
vb	create	1	5
vbg	watching	2	2
vbg	identifying	1	0
vbg	toasting	1	0
vbn	canonized	1	0
vb	catch	1	2
vb	strange	1	0
vbn	discussed	3	0
vbp	tell	1	1
vbg	photograph	1	0
vbz	likes	2	0
vbg	making	5	12
vb	write	1	4
vb	submit	2	2
vbg	fighting	1	1
vbd	tamed	1	0
vb	calculate	1	1
vbz	heidelbergensis	1	0
vb	search	1	1
vb	discuss	1	0
vbz	lists	1	0
vb	destroy	1	2
vbg	charting	1	0
vb	resurrect	1	0
vb	vent	1	0
vbn	discovered	1	1
vbn	reported	1	0
vbn	arrested	1	0
vbz	links	1	0
vbd	died	6	4
vbp	love	5	3
vbg	throwing	1	1
vb	liberate	1	0
vb	redeem	1	0
vbg	breaking	1	1
vb	realplayer	1	0
vbz	lambasts	1	0
vbn	catalogued	1	0
vb	remember	3	3
vb	double	1	0
vbz	stores	1	0
vbg	curtailing	1	0
vbn	gifted	1	0
vb	futurama	1	0
vb	refresh	1	0
vbg	denying	1	1
vbz	makes	1	1
vb	bikewriter	1	0
vbd	sued	1	0
vb	learn	1	3
vb	clip	1	1
vbp	suspect	1	0
vbg	publicizing	1	0
vbd	lost	1	1
vb	validate	1	0
vbz	affects	1	0
vbp	fear	1	0
vb	memogate	1	0
vbg	controlling	1	0
vbz	explains	3	0
vbg	lambasting	1	0
vb	naral	1	0
vbd	noted	1	0
vbn	announced	2	0
vbg	ruining	1	0
vbz	invades	1	0
vb	blast	1	0
vb	frame	1	1
vb	educate	1	0
vbg	hating	1	0
vb	kill	4	3
vbd	downplayed	1	0
vbn	posted	1	0
vbg	costing	1	0
vbg	bo2king	1	0
vb	militarize	1	0
vbg	annotating	1	0
vb	protect	1	5
rb	well	1	0
vbn	expelled	1	0
vbg	christianity	1	0
vb	accomplish	1	0
vbz	reveals	3	0
vbz	love	1	3
vbg	soliciting	1	0
vb	cook	1	3
vbg	disturbing	1	0
vb	visit	2	3
vbg	causing	2	0
vbg	parrrsing	1	0
vb	influence	1	0
vbn	seen	2	1
vbz	outperforms	1	0
vb	shake	1	1
vbz	turns	1	2
vbp	are	3	5
vbg	suffering	2	0
vb	constitute	1	0
vbz	documents	1	0
vb	pest	1	0
vbg	using	3	4
vb	get	2	7
vbp	exist	2	0
vbg	accuses	1	0
vb	dawndc	1	0
vbn	survived	2	0
vbd	revealed	2	0
vb	prevent	1	2
vbg	piercing	1	0
vbd	were	1	0
vbz	know	1	0
vbd	dominated	1	0
vbg	hiring	1	0
vbg	chronicling	1	0
vb	preserve	1	3
vbg	funding	1	0
vbp	flickrgraph	1	0
vbg	doing	2	2
vbn	known	1	0
vbz	teaches	1	0
vbn	lost	1	2
vb	makingroom	1	0
vb	aleviate	1	0
vb	sxsw	1	0
vb	amaztype	1	0
vbp	flash	1	0
vb	mind	1	1
vb	show	1	0
vb	hoodwink	1	0
vbd	knew	1	0
vbg	invading	1	0
vbp	see	1	1
vb	podcast	1	0
vbg	prosecuting	1	0
vbg	debating	1	1
vbd	crashed	1	0
vbd	gave	1	0
vb	record	1	2
vbd	closed	1	0
vbg	streaming	1	0
vbd	destroyed	1	0
vbp	win	1	0
vbn	borne	1	0
vb	warn	1	0
vbg	detached	1	0
vb	start	1	2
vbn	confused	1	0
vbd	killed	1	5
vb	surprise	2	0
vb	gridskipper	1	0
vb	mooncruise	1	0
vbn	learned	1	0
vb	meet	2	5
vbz	markets	1	0
vbn	schooled	1	0
vbg	saving	1	0
vbn	discounted	1	0
vb	suck	1	0
vbn	refuted	1	0
vb	take	1	8
vbd	found	1	3
vbn	shot	1	0
vbd	elected	1	0
vbz	ails	1	0
vbz	notes	1	0
vbd	inspired	3	0
vbz	disowns	1	0
vb	ipsum	1	0
vbz	discusses	1	0
vb	forget	2	0
vbp	want	1	2
vbp	demonstrate	1	0
vbd	wrote	1	1
vbn	killed	1	0
vbz	contains	1	0
vb	host	1	0
vb	see	3	7
vbn	rejected	2	0
vbz	does	1	1
vbn	buried	2	1
vbg	nonliving	1	0
vb	elude	1	0
vbd	said	1	0
vb	control	1	0
vbz	threadless	1	0
vbz	harrass	1	0
vbg	punishing	1	0
vb	underscore	1	0
vb	set	1	0
vbz	track	1	0
vb	charge	1	0
vb	test	4	3
vb	make	6	25
vb	work	1	0
vbz	covers	1	0
vbd	did	1	3
vbg	speaking	1	0
vb	supersize	1	0
vbg	shaving	1	1
vb	confirm	1	0
vbd	keepvid	1	0
vbg	taping	1	0
vbd	ended	1	0
vb	play	3	4
vb	answer	1	1
vb	explore	2	1
vbz	woos	1	0
vbg	celebrating	1	2
vbd	got	2	0
vbn	released	1	2
vb	blogger	1	0
vbg	anthropomorphizing	1	0
vb	truly	1	0
vb	freak	1	0
vbz	enhances	1	0
vb	collaborative	1	0
vbp	read	1	2
vbz	nwtf	1	0
vb	view	1	1
vbn	played	1	0
vbz	choose	1	0
vb	avoid	1	2
vb	stalk	1	1
vb	disqualify	1	0
vbn	invented	1	0
nnp	play	1	3
vbz	proposes	1	0
vb	serve	1	0
vbd	launched	1	0
vbz	follows	1	0
vbg	facing	1	1
vbd	founded	1	0
vbg	taking	1	3
vbd	hired	1	0
vb	eat	1	4
vbz	has	2	9
vbz	worries	1	0
vbd	threw	1	0
vbz	watches	1	0
vb	deny	1	1
vb	ratify	1	0
vb	mod	1	0
vb	metafilter	1	0
vbn	had	1	3
vbz	furfuraceous	1	0
vbn	demolished	1	0
vbg	johnny	1	0
vbz	hates	2	2
vb	restore	2	0
vbn	created	2	0
vbz	confuses	1	0
vbg	suing	1	2
vb	stop	2	4
vbz	loves	1	1
vbg	terrorizing	2	0
vb	remove	1	2
vbn	liked	1	0
vbp	target	1	0
vb	imagine	1	0
vbn	included	1	0
vb	build	2	10
vbz	works	1	0
vbg	blog	2	0
vbz	says	1	2
vbn	visited	1	0
vbz	doubts	1	0
vb	love	1	3
vb	help	1	1
vb	frustrate	1	0
vbd	kissed	1	0
vbg	helping	1	0
vbg	julian	1	0
vb	keep	1	1
vb	save	1	5
vbg	roasting	1	0
vbp	dominate	1	1
vbz	reflects	1	0
vbn	urgh	1	0
vbz	plays	1	0
vbp	watch	1	0
vb	teach	1	0
vb	curb	1	0
vbg	promising	1	0
vbz	historic	1	0
vbn	shut	1	0
vbg	disseminating	1	0
vb	monitor	1	0
vb	drink	1	1
vbz	threatens	1	0
vbn	dedicated	1	1
vbn	collected	1	1
vbg	assassinating	1	0
vbg	witholding	1	0
vb	roll	1	3
nnp	is	1	0
vb	burn	1	0
vbp	champion	1	0
vbg	duckling	1	0
vb	faq	1	0
vb	speed	1	0
vb	pay	2	3
vbg	eliminating	1	0
vbn	changed	1	4
vb	harm	1	0
vb	buffer	1	0
vbg	washing	1	0
vbd	loved	2	0
vbz	picks	1	0
vb	discover	1	1
vbn	joined	2	1
vbd	survived	2	1
vbn	enjoyed	1	0
vbn	won	3	2
vbg	everything	1	0
vbg	giving	1	1
vbd	announced	3	0
vbd	left	1	0
vbp	homepage	1	0
vbd	recalled	1	1
vbd	predicted	1	1
vbp	show	1	1
vb	solve	1	0
vbn	sericulture	1	0
vb	invisibility	1	0
vbp	have	1	13
vb	quash	1	0
vbz	explores	2	0
vbg	explaining	1	0
vbg	judging	1	0
vbn	blocked	1	0
vbg	lasting	1	0
vb	outsource	1	0
vb	twirl	1	0
vbg	rauschenberg	1	0
vbg	playing	1	3
vbz	drives	1	0
vbg	appropriating	1	0
vbd	questioned	2	0
vb	slow	1	0
vbp	maude	1	0
vb	fulfill	1	0
vb	recycle	1	0
vbz	blogs	1	0
vbn	evocannon	1	0
vb	dislike	1	0
vb	find	1	4
vb	investigate	1	2
vbg	selling	1	0
vbg	building	2	2
vbp	suffer	1	0
vbn	resigned	1	0
vbg	saying	1	0
vb	spring	1	0
vb	subvert	1	0
vbg	measuring	1	1
vbz	summarises	1	0
vb	ask	1	3
vbn	named	1	1
vb	goldfish	1	0
vbg	bootleg	1	0
vb	overthrow	1	0
nnp	make	1	2
vbg	channeling	1	0
vbp	say	1	4
vbp	feature	1	0
vbd	had	1	7
vbd	decried	1	0
vbn	received	1	1
vbn	savvy	1	0
vb	speak	1	0
vb	cancel	1	0
vbn	broken	1	0
vbp	lose	1	1
vb	rectify	1	0
vbz	reviews	1	1
vbp	map	1	0
vbg	twisting	1	0
vbg	upsetting	1	0
vb	rent	1	1
vbn	confirmed	1	1
vbn	disowned	1	0
vbn	reviewed	1	1
vbd	parade	1	0
vbn	found	1	0
vbd	redacted	1	0
vb	experiment	1	0
vbn	funded	1	0
vbg	cutting	1	2
vb	like	1	0
vbg	landing	1	0
vb	conduct	1	0
vbg	raiding	1	0
vbn	been	1	1
vbg	restoring	1	0
vbz	conducts	1	0
vbz	paperwhites	1	0
vbd	related	1	1
vb	attract	1	0
vbd	defended	1	0
vbg	advertising	1	0
vbp	identify	1	0
vbn	sued	1	0
vb	fight	1	1
vbg	boycotting	1	1
vb	taint	1	0
vbd	called	1	0
vb	fork	1	0
vbg	promoting	1	1
vbp	spook	1	0
vbg	spybox	1	0
vbd	won	1	1
vbd	mapped	1	0
vbn	affected	1	1
vb	rescue	1	0
vbg	imitating	1	0
vbd	quashed	1	0
vbz	addresses	1	0
vb	fix	1	1
vbd	pioneered	1	0
vb	mutilate	1	0
vbd	rescinded	1	0
vbn	forgiven	1	0
vbz	recognizes	1	0
vbg	fried	1	0
vb	touch	1	0
vb	open	1	0
vbg	animated	1	0
vbz	resembles	1	0
vbn	recreated	1	0
vbg	starting	1	0
vbd	overwhelmed	1	0
vbn	studied	1	0
vbn	jolted	1	0
vbd	criticized	1	0
vbg	creating	1	2
vbg	transcending	1	0
vb	modulate	1	0
vbg	tweeting	1	0
vbn	built	1	0
vbd	brandished	1	0
vbg	scratchbuilding	1	0
vbd	combined	1	0
vb	order	1	0
vbp	make	1	9
vbz	visualizes	1	0
vbn	purchased	1	0
vbd	attended	1	0
vbd	graced	1	0
vbg	separating	1	1
vb	swallow	1	0
vb	afford	1	0
vbn	ended	1	0
vbz	investigates	1	1
vb	rip	1	0
vbn	introduced	1	0
vb	blog	1	0
vb	customize	1	1
vbg	killing	1	1
vb	collect	1	0
vbg	documenting	1	0
vbz	describes	1	2
vbd	joined	1	0
vbn	plagued	1	0
vbn	impressed	1	0
vbg	hosting	1	0
vbg	drawing	1	2
vbg	mocking	1	0
nnp	meet	1	2
vbn	fired	1	0
vb	assassinate	1	0
vbn	enraptured	1	0
vbd	demanded	1	0
vbn	performed	1	0
vbd	opened	1	0
vbz	announces	1	0
vb	understand	1	0
vbp	speak	1	0
vb	describe	1	0
vbn	linked	1	0
vb	revive	1	0
vbn	exacerbated	1	0
vb	risusiverse	1	0
vbg	singing	1	1
vb	beleaguer	1	0
vb	symbolize	1	0
vbn	undergone	1	0
vb	crush	0	2
vbn	charted	0	1
vb	enjoy	0	2
vb	register	0	1
vb	sing	0	2
vb	fuck	0	1
vb	buy	0	18
vbg	drinking	0	1
vb	copyright	0	1
vbg	cloning	0	1
vbn	claimed	0	1
vb	protest	0	1
vb	elect	0	1
vb	go	0	6
vbz	chooses	0	1
vbg	prayer	0	1
jj	rid	0	1
vb	marry	0	2
vb	second	0	1
vb	hear	0	4
vb	tell	0	4
vbg	gutting	0	1
vb	clone	0	1
vbd	logged	0	1
vb	bone	0	1
vb	bite	0	1
vb	scan	0	1
vb	whistle	0	1
vbd	printed	0	1
vbp	liberate	0	1
vbg	defending	0	3
vb	wear	0	2
vbn	boycotted	0	1
vb	pick	0	1
vbg	running	0	1
vbn	engulfed	0	1
vbz	receives	0	1
vbd	approved	0	1
vbg	ditching	0	1
vb	lose	0	4
vb	violate	0	2
vbp	hire	0	1
vb	try	0	4
vb	end	0	2
vb	google	0	2
vb	die	0	3
vb	master	0	1
vb	detain	0	1
vb	plug	0	1
vb	invent	0	2
vb	prescribe	0	1
vb	shrink	0	3
vbd	stole	0	2
vbd	went	0	1
vb	research	0	1
vbn	mentioned	0	1
vbn	executed	0	1
vbg	lecturing	0	1
vbp	answer	0	1
vbg	remembering	0	3
vb	convert	0	1
vbg	miscalculating	0	1
vbz	screw	0	1
vbn	ruffled	0	2
vb	diaper	0	1
vbd	discovered	0	1
vbd	invented	0	3
vb	name	0	1
vb	homemade	0	1
vbn	left	0	1
vbn	gone	0	3
vbz	hedge	0	1
vbd	taped	0	1
vb	rethink	0	1
vb	toe	0	1
vb	panhandle	0	1
vbz	perplexes	0	1
vb	promote	0	2
vbn	spoken	0	1
vb	look	0	1
vb	scour	0	1
vbg	combining	0	1
vbg	changing	0	3
vbg	dusting	0	1
vbg	marketing	0	1
vb	id	0	1
vb	cure	0	2
vbn	upheld	0	1
vb	practice	0	1
vbp	voice	0	1
vb	survive	0	2
vbg	reviving	0	2
vbd	assaulted	0	1
vb	tan	0	1
vb	predict	0	3
vb	kick	0	1
vbd	seized	0	1
vb	ban	0	3
vb	purchase	0	1
vbn	labeled	0	1
vb	interview	0	1
vbz	bears	0	1
vbg	filling	0	1
vb	change	0	4
vb	lift	0	1
vbd	cut	0	1
vb	draw	0	4
vb	cost	0	2
vbn	embraced	0	1
vbg	illustrating	0	1
vbg	pulling	0	1
vbn	translated	0	2
vb	airbrush	0	1
vbd	supported	0	1
vbp	create	0	2
vbp	need	0	1
vbp	find	0	2
vbg	hitchhiking	0	1
vb	guess	0	2
vb	hypnotize	0	2
vbz	mulls	0	1
vbg	moving	0	2
vb	watch	0	8
vbg	kicking	0	1
vb	hunt	0	1
vb	uninstall	0	1
vbg	ordering	0	1
vb	blame	0	1
vbg	greatest	0	1
vb	map	0	1
vbg	blogging	0	3
vb	use	0	2
vbz	wins	0	1
vbn	cited	0	1
vbg	capturing	0	1
vbn	caused	0	1
vb	provide	0	1
vb	seek	0	1
vbz	denies	0	2
vb	believe	0	1
vbn	equivocate	0	1
vbg	reading	0	3
vbp	get	0	3
vb	override	0	1
vbn	made	0	3
vbz	trailer	0	1
vb	procrastinate	0	1
vb	clean	0	1
vbp	take	0	4
vbg	tracking	0	1
vbd	deported	0	1
vb	abandon	0	1
vbg	nearing	0	1
vbd	klick	0	1
vbz	tortured	0	1
vb	locate	0	1
vbz	challenges	0	1
vbz	invokes	0	1
vb	annoy	0	1
vbd	caught	0	1
vbg	infiltrating	0	1
vbn	fuck	0	1
vbg	accosting	0	1
vb	press	0	1
vbz	wholesale	0	1
vbz	infects	0	1
vb	beat	0	3
vb	delete	0	1
vb	degrade	0	1
vbg	painting	0	2
vb	put	0	1
vbz	defeats	0	1
vbz	justifies	0	1
vbg	cultivating	0	1
vb	limit	0	2
vbn	attacked	0	1
vbd	kept	0	2
vbp	steal	0	1
vbz	kills	0	3
vbd	extracted	0	1
vbg	threatening	0	2
vbg	going	0	2
vbd	bifurcated	0	1
vbz	bans	0	4
vbp	double	0	1
vbn	hitched	0	1
vbg	retelling	0	1
vbz	bites	0	1
vbp	imitate	0	1
vb	think	0	2
vb	replace	0	3
vb	impermanent	0	1
vbz	defends	0	2
vb	stimulate	0	1
vbz	hated	0	1
vbg	examining	0	1
vb	post	0	1
vbd	smoked	0	1
vb	experience	0	1
vbg	chronicle	0	1
vb	attend	0	1
vb	join	0	5
vbg	preserving	0	1
vb	redevelop	0	1
vbn	launched	0	1
vb	tag	0	1
vbn	constructed	0	1
vbz	answers	0	2
vbp	work	0	1
vb	taste	0	1
vbd	passed	0	1
vbz	sees	0	1
vb	reconstruct	0	1
vbd	popularized	0	1
vb	wash	0	2
vbg	driving	0	2
vbz	clears	0	1
vbp	destroy	0	2
vb	do	0	6
vbg	writing	0	5
vb	pull	0	1
vbg	reclaiming	0	1
vbg	demonstating	0	1
vb	gay	0	1
vb	read	0	9
vb	sign	0	2
vb	cover	0	2
vb	lessen	0	1
vbg	climbing	0	2
vbd	addressed	0	1
vbz	dislikes	0	1
vb	scrutinize	0	1
vbg	having	0	2
vb	identify	0	2
vbg	issuing	0	1
vbp	eat	0	1
vbg	entering	0	1
vbd	made	0	4
vbn	denied	0	2
vb	contact	0	1
vb	defend	0	2
vb	tupperware	0	1
vbg	browse	0	1
vbp	geek	0	1
nn	link	0	1
vbd	defied	0	1
vbz	toss	0	1
vb	recreate	0	1
vb	unfold	0	1
vbg	flooding	0	1
vb	suspend	0	1
vbp	register	0	1
vbd	became	0	1
vbd	saved	0	1
vb	refuse	0	1
vb	vote	0	1
vbz	induces	0	1
vbg	finding	0	2
vbg	browsing	0	1
vbp	travel	0	1
vb	wok	0	1
vbg	crying	0	1
vb	carve	0	1
vbg	sniffing	0	1
vbz	meet	0	1
vbg	mapping	0	1
vbd	pulled	0	1
vbn	upset	0	1
vbg	missing	0	2
vbg	getting	0	2
vb	wikify	0	1
vbz	rudolph	0	1
vbd	understood	0	1
vb	donate	0	2
vbn	formed	0	2
vbg	trading	0	1
vbp	appear	0	1
vb	abolish	0	2
vbd	sink	0	1
vbn	written	0	3
vbg	laying	0	1
vbp	google	0	1
vb	kirkbride	0	1
vbg	printing	0	1
vbg	talking	0	1
vbn	kidnapped	0	1
vb	video	0	1
vbz	thinks	0	1
vb	insurgent	0	1
vbg	waving	0	1
vb	aide	0	1
vbg	hitting	0	1
vb	balance	0	1
vb	swarm	0	1
vbz	shares	0	1
vb	intellectualize	0	1
vbz	needs	0	1
vb	spot	0	1
vb	affect	0	1
vb	stoner	0	1
vbd	looked	0	1
vb	fold	0	1
vb	promise	0	1
vbz	clarified	0	1
vb	support	0	1
vbg	holding	0	1
vb	criminalize	0	1
vbd	affected	0	1
vb	reinvent	0	1
vbz	eats	0	1
vbn	issued	0	2
vbd	need	0	1
vbp	pop	0	1
vbz	cuts	0	2
vbz	nominates	0	1
vb	defeat	0	1
vbg	simulating	0	1
vb	break	0	2
vbp	surround	0	1
vbn	got	0	5
vbn	heard	0	1
vbg	attracting	0	1
vbg	cleaning	0	1
vb	treat	0	1
vbz	questions	0	1
vbd	missed	0	1
vbg	cooling	0	1
vbg	stirring	0	1
vb	blow	0	2
vbp	round	0	1
vbz	joins	0	1
vbz	looting	0	1
vbp	intenstinal	0	1
vbd	conducted	0	1
vbg	conceding	0	1
vbg	rewarding	0	1
vb	capture	0	2
vbz	relaunches	0	1
vbp	start	0	1
vbp	promote	0	1
vbd	sought	0	1
vbd	reversed	0	1
vbp	fuck	0	1
vb	follow	0	2
vb	repeat	0	1
vbd	reported	0	1
vbg	riding	0	1
vb	stem	0	2
vbp	illustrate	0	1
vb	expand	0	1
vbd	broadcast	0	1
vbd	built	0	1
vbn	nicknamed	0	1
vbp	date	0	1
vb	communicate	0	1
vbn	come	0	2
vbd	changed	0	5
vbd	spoke	0	1
vbn	spawned	0	1
vb	legislate	0	1
vbn	started	0	1
vb	wave	0	1
vbg	meeting	0	2
vbp	remain	0	1
vbg	collecting	0	1
vbn	taken	0	2
vb	train	0	1
vbg	converting	0	1
vb	unionize	0	1
vbn	rehabilitated	0	1
vb	give	0	4
vbz	poisoned	0	1
vbd	posted	0	2
vbg	grabbing	0	1
vb	pierce	0	1
vbd	hit	0	2
vbd	accepted	0	1
vbn	inspired	0	1
vbz	pops	0	1
vbn	answered	0	1
vbg	photographing	0	1
vbd	freed	0	1
vbz	mirror	0	1
vbn	tempered	0	1
vb	decry	0	1
vbg	delivering	0	1
vb	reinstate	0	1
vbz	totals	0	1
vb	harpoon	0	1
vbd	met	0	1
vbz	provides	0	3
vb	race	0	1
vbz	remains	0	1
vbg	posting	0	1
vbn	declared	0	1
vbd	claimed	0	1
vbg	redefining	0	1
vbg	transcribing	0	1
vbd	performed	0	1
vb	linoleum	0	1
vbg	attacking	0	2
vb	calm	0	1
vbd	designed	0	1
vb	vlad	0	1
vbd	served	0	1
vbn	dropped	0	1
vbg	minding	0	1
vbz	submits	0	1
vbd	withheld	0	1
vbz	uncovers	0	1
vbp	buy	0	1
vb	increase	0	3
vbd	purloined	0	1
vb	bring	0	1
vb	flickr	0	1
vbn	committed	0	1
vbp	yt	0	1
vbg	same	0	1
vbg	commemorating	0	1
vb	dress	0	1
vb	print	0	2
vbd	read	0	1
vbz	poison	0	1
vbg	destroying	0	1
vbd	download	0	2
vb	target	0	1
vbg	knitting	0	1
vb	gisele	0	1
vbn	hatched	0	1
vb	dominate	0	1
vb	grab	0	1
vbg	proving	0	1
vbd	happy	0	1
vbz	download	0	1
vb	push	0	1
vbg	liveblogging	0	1
vb	hack	0	1
vbp	own	0	1
vbp	preach	0	1
vb	reveal	0	1
vbn	asked	0	1
vbg	placating	0	1
vbn	debated	0	1
vbz	respects	0	1
vbg	advocating	0	1
vb	finish	0	1
vbn	solved	0	1
vbg	supporting	0	3
vbd	required	0	1
vb	insert	0	1
vbn	added	0	1
vbp	go	0	1
vbn	resumed	0	1
vbd	recommended	0	1
vbz	writes	0	1
vbg	preaching	0	1
vb	spread	0	1
vb	inspire	0	2
vbg	surfing	0	1
vb	be	0	3
vbg	paddle	0	1
vbz	usgs	0	1
vbg	loving	0	2
vb	add	0	3
vb	spare	0	1
vbz	befriends	0	1
vb	cnet	0	1
vbg	pushing	0	1
vbz	buys	0	1
vbg	outselling	0	1
vb	design	0	1
vbd	trashed	0	1
vb	slap	0	1
vbz	determines	0	1
vb	cross	0	1
vbz	beats	0	2
vbg	catering	0	1
vbn	uncontained	0	1
vbn	unveiled	0	1
vbg	enjoying	0	2
vb	browse	0	1
vbd	lamented	0	1
vbg	turning	0	1
vbg	lobbing	0	1
vb	jodie	0	1
vbd	vetoed	0	1
vbp	bis	0	1
vbg	weng	0	1
vbg	amassing	0	1
vbg	showing	0	1
vb	arrest	0	1
vbp	experience	0	1
vbn	amoeboid	0	1
vbd	perceived	0	1
vb	indicate	0	1
vbg	predicting	0	1
vbz	shows	0	1
vb	reinterpret	0	1
vb	overwhelm	0	1
vbn	done	0	1
vbg	unlike	0	1
vbd	fired	0	1
vbg	striking	0	1
vb	sell	0	2
vbg	akonting	0	1
vbg	confronting	0	1
vbg	manning	0	1
vbp	kill	0	1
vbz	requires	0	1
vbd	started	0	1
vbz	starts	0	1
vbg	inviting	0	1
vbz	ponders	0	1
vbg	reinventing	0	1
vbp	discover	0	1
vbg	assaulting	0	1
vb	sock	0	1
vbg	disclosing	0	1
vb	raise	0	2
vb	mitigate	0	1
vb	marauding	0	1
vbg	vinnie	0	1
vbz	grand	0	1
vbn	used	0	1
vb	throw	0	1
vbg	snoring	0	1
vbz	celebrates	0	1
vbd	nominated	0	1
vbg	flying	0	1
vbg	refusing	0	1
vbd	appointed	0	1
vbn	outraged	0	1
vbn	droned	0	1
vbn	enraged	0	1
vbn	died	0	1
vbg	downing	0	1
vbn	turned	0	1
vbz	manages	0	1
vb	let	0	1
vb	classify	0	1
vb	boycott	0	1
vb	please	0	1
vbd	attempted	0	1
vbg	keeping	0	2
vbg	looking	0	1
vbn	limewood	0	1
vbg	bringing	0	1
vbd	kicked	0	1
vb	qat	0	1
vbg	weighing	0	1
vbz	loses	0	1
vbz	raises	0	1
vbp	join	0	1
vbg	catching	0	1
vbd	was	0	2
vb	literate	0	1
vbg	modifying	0	1
vbg	understanding	0	1
vbg	reconciling	0	1
vbz	music	0	1
vbz	demonstrates	0	1
vbz	facilitates	0	1
vb	punch	0	1
vb	part	0	1
vb	ignore	0	2
vbz	includes	0	1
vbg	inspiring	0	1
vb	match	0	1
vbd	liked	0	1
vbd	collected	0	1
vbg	demolishing	0	1
vbz	offers	0	1
vbg	select	0	1
vbz	resolves	0	1
vb	reform	0	1
vbd	drowned	0	1
vb	know	0	1
vbg	interactive	0	1
vb	commit	0	1
vbg	motorcycling	0	1
vbg	telling	0	1
vb	reduce	0	1
vbg	twittering	0	1
vb	bear	0	1
vbd	shot	0	1
vbg	claiming	0	1
vbz	contemplates	0	1
vb	feed	0	1
vbn	censured	0	1
vbz	breaks	0	1
vbp	affect	0	1
vbg	reporting	0	1
vbd	rescued	0	2
vbd	spawned	0	1
vbz	launches	0	1
vb	celebrate	0	2
vb	or	0	1
vb	regurgitate	0	1
vbz	commence	0	1
vbg	starring	0	1
vbn	debunked	0	1
vbn	modified	0	1
vbp	impressive	0	1
vb	wayback	0	1
vbg	launching	0	1
vbg	picking	0	1
vbz	denounces	0	1
vb	revolutionize	0	2
vbg	leading	0	1
vb	erection	0	1
vbd	calculated	0	1
vb	become	0	1
vbg	petitioning	0	1
vbd	beat	0	1
vbz	lifts	0	1
vbd	severed	0	1
vb	embellish	0	1
vb	alter	0	1
vbn	embedded	0	1
vbz	shake	0	1
vbg	touring	0	1
vb	bless	0	1
vbp	span	0	1
vbn	dissolved	0	1
vbn	scheduled	0	1
vbg	sacking	0	1
vb	sketch	0	1
vbd	trounced	0	1
vbz	discourages	0	1
vbp	hear	0	1
vbg	performing	0	1
vbg	spreading	0	1
vb	uphold	0	1
vb	decorate	0	1
vb	have	0	2
vbp	nycdot	0	1
vbd	added	0	1
vbz	negates	0	1
vb	appreciate	0	1
vbz	herbivorous	0	1
vb	hate	0	1
vbz	opens	0	1
vbp	defend	0	1
jj	localized	0	1
rb	previously	0	1
vbz	declares	0	1
vb	censor	0	1
vbn	shiloh	0	1
vb	uter	0	1
vbd	avoid	0	1
vbg	experiencing	0	1
vbz	atticus	0	1
vbp	do	0	1
vbz	photographs	0	1
vbg	describing	0	1
vbn	barred	0	1
vbg	collapsing	0	1
vbg	boring	0	1
vbd	fuck	0	1
vb	enforce	0	1
vbd	analyzed	0	1
vb	pesky	0	1
vb	invade	0	1
vbz	uses	0	1
vbn	related	0	2
vbd	denied	0	2
vb	mesmerize	0	1
vb	exterminate	0	1
vbp	play	0	1
vbd	contained	0	1
vb	quit	0	1
vbg	becoming	0	1
vbd	ate	0	1
vb	unite	0	1
vbz	pays	0	1
vb	digitize	0	1
vb	tighten	0	1
vb	verify	0	1
vbz	gives	0	1
vbz	presents	0	1
vbn	accepted	0	1
vb	fill	0	1
vb	kiss	0	1
vb	tie	0	1
vb	legalize	0	1
vb	detoxify	0	1
vbd	returned	0	1
vbn	born	0	1
vbp	forgave	0	1
vbz	wants	0	2
vbz	rickrolls	0	1
vbn	enhanced	0	1
vbp	open	0	1
vbp	press	0	1
vb	redesign	0	1
vbz	enters	0	1
vbn	invent	0	1
vbp	imagine	0	1
vbz	puts	0	1
vb	own	0	1
vb	rewrite	0	1
vb	track	0	1
vbg	visualising	0	1
vb	turn	0	1
vbz	takes	0	1
vb	adjust	0	1
vb	woo	0	1
vbd	panned	0	1
vb	examine	0	1
vb	maximize	0	1
vbn	canceled	0	1
vb	address	0	2
vbg	contributing	0	1
vb	enter	0	1
vbg	joining	0	1
vbz	crime	0	1
vbz	oh	0	1
vbn	interviewed	0	1
vbg	emphasizing	0	1
vbz	misses	0	1
vb	reproduce	0	1
vb	define	0	1
vb	embody	0	1
vbg	opening	0	1
vbd	lowballed	0	1
vbd	hacked	0	1
vb	introduce	0	1
vbn	robbed	0	1
vbn	finished	0	1
vbn	suck	0	1
vbg	punching	0	1
vbd	created	0	1
vb	decode	0	1
vb	retrofit	0	1
vbz	buries	0	1
vb	blackface	0	1
vbg	navigating	0	1
vbz	goes	0	1
vb	wrangle	0	1
vb	stoke	0	1
vbg	serving	0	1
vbg	discontinuing	0	1
vb	navigate	0	1
vb	invite	0	1
vbd	slapped	0	1
vb	forecast	0	1
vb	youtube	0	1
vbp	dispute	0	1
vbg	producing	0	1
vbn	appealed	0	1
vb	threaten	0	1
vbn	reconsidered	0	1
vb	demand	0	1
vb	prolong	0	1
vbz	finds	0	1
vbd	prompted	0	1
vbz	destroys	0	1
vb	example	0	1
vbp	libertarian	0	1
vbn	revoked	0	1
vb	triple	0	1
vbg	hijacking	0	1
vbz	features	0	1
vbg	repelling	0	1
vb	schedule	0	1
vbn	captured	0	1
vbz	suggests	0	1
vb	nin	0	1
vbd	transcribed	0	1
