VBD	rocked	1	0	0	0
VBZ	bookmarklets	1	0	0	0
VB	win	2	0	2	3
VB	spoofmail	1	0	0	0
VBZ	scares	1	0	0	0
VBG	redesigning	1	0	0	0
VB	adopt	1	0	0	0
VBG	ananova	1	0	0	0
VBG	investigating	1	0	0	0
VB	webwasher	1	0	0	0
VBG	bemoaning	1	0	0	0
VB	helpdesk	1	0	0	0
VBD	took	1	0	2	1
VB	need	1	0	0	0
VBZ	kausfiles	1	0	0	0
VBG	directing	1	0	0	0
VBZ	auroras	1	0	0	0
VBG	anticipating	1	0	0	0
VBG	farting	1	0	0	0
VBG	brozac	1	0	0	0
VBD	happened	1	1	0	0
VB	download	4	1	7	4
VBZ	is	2	8	20	76
VBG	teaching	1	0	1	1
VBG	battling	1	0	0	0
VBG	reducing	1	0	0	0
VBP	hate	4	0	0	0
VBZ	builds	1	0	1	1
VBG	telemarketing	1	0	0	0
VBG	appealing	1	0	0	0
VBP	build	1	0	1	0
VBZ	recalls	2	0	0	0
VBN	produced	1	0	1	0
VBG	setting	1	0	1	0
VBG	swallowing	1	0	0	0
VB	beautify	1	0	0	0
VB	canonize	1	0	0	0
VB	cable	1	0	0	0
VB	bury	1	0	1	0
VB	create	1	1	5	4
VBG	watching	2	2	2	1
VBG	identifying	1	0	0	0
VBG	toasting	1	0	0	0
VBN	canonized	1	0	0	0
VB	catch	1	0	2	2
VB	strange	1	0	0	0
VBN	discussed	3	0	0	0
VBP	tell	1	0	1	1
VBG	photograph	1	0	0	0
VBZ	likes	2	0	0	2
VBG	making	5	1	12	7
VB	write	1	0	4	2
VB	submit	2	1	2	1
VBG	fighting	1	1	1	0
VBD	tamed	1	0	0	0
VB	calculate	1	0	1	0
VBZ	heidelbergensis	1	0	0	0
VB	search	1	0	1	0
VB	discuss	1	2	0	1
VBZ	lists	1	0	0	1
VB	destroy	1	0	2	1
VBG	charting	1	0	0	0
VB	resurrect	1	0	0	0
VB	vent	1	0	0	0
VBN	discovered	1	1	1	1
VBN	reported	1	0	0	0
VBN	arrested	1	3	0	0
VBZ	links	1	0	0	0
VBD	died	6	4	4	3
VBP	love	5	1	3	4
VBG	throwing	1	0	1	0
VB	liberate	1	0	0	0
VB	redeem	1	0	0	0
VBG	breaking	1	0	1	0
VB	realplayer	1	0	0	0
VBZ	lambasts	1	0	0	0
VBN	catalogued	1	0	0	0
VB	remember	3	0	3	5
VB	double	1	0	0	0
VBZ	stores	1	0	0	0
VBG	curtailing	1	0	0	0
VBN	gifted	1	0	0	0
VB	futurama	1	0	0	0
VB	refresh	1	0	0	0
VBG	denying	1	0	1	1
VBZ	makes	1	0	1	3
VB	bikewriter	1	0	0	0
VBD	sued	1	0	0	0
VB	learn	1	0	3	1
VB	clip	1	0	1	0
VBP	suspect	1	0	0	0
VBG	publicizing	1	0	0	0
VBD	lost	1	0	1	0
VB	validate	1	0	0	0
VBZ	affects	1	1	0	0
VBP	fear	1	0	0	0
VB	memogate	1	0	0	0
VBG	controlling	1	0	0	0
VBZ	explains	3	0	0	2
VBG	lambasting	1	0	0	0
VB	naral	1	0	0	0
VBD	noted	1	1	0	0
VBN	announced	2	1	0	0
VBG	ruining	1	0	0	0
VBZ	invades	1	0	0	0
VB	blast	1	0	0	0
VB	frame	1	0	1	0
VB	educate	1	0	0	0
VBG	hating	1	0	0	0
VB	kill	4	0	3	0
VBD	downplayed	1	0	0	1
VBN	posted	1	0	0	0
VBG	costing	1	0	0	0
VBG	bo2king	1	0	0	0
VB	militarize	1	0	0	0
VBG	annotating	1	0	0	0
VB	protect	1	0	5	1
RB	well	1	0	0	0
VBN	expelled	1	0	0	0
VBG	christianity	1	0	0	0
VB	accomplish	1	0	0	0
VBZ	reveals	3	0	0	2
VBZ	love	1	0	3	3
VBG	soliciting	1	0	0	0
VB	cook	1	0	3	2
VBG	disturbing	1	0	0	0
VB	visit	2	0	3	1
VBG	causing	2	0	0	0
VBG	parrrsing	1	0	0	0
VB	influence	1	1	0	0
VBN	seen	2	1	1	2
VBZ	outperforms	1	0	0	0
VB	shake	1	0	1	0
VBZ	turns	1	0	2	4
VBP	are	3	2	5	18
VBG	suffering	2	0	0	0
VB	constitute	1	0	0	0
VBZ	documents	1	0	0	0
VB	pest	1	0	0	0
VBG	using	3	0	4	1
VB	get	2	1	7	5
VBP	exist	2	0	0	0
VBG	accuses	1	0	0	0
VB	dawndc	1	0	0	0
VBN	survived	2	0	0	0
VBD	revealed	2	1	0	0
VB	prevent	1	0	2	1
VBG	piercing	1	0	0	0
VBD	were	1	0	0	0
VBZ	know	1	0	0	0
VBD	dominated	1	0	0	0
VBG	hiring	1	1	0	0
VBG	chronicling	1	0	0	0
VB	preserve	1	0	3	3
VBG	funding	1	0	0	0
VBP	flickrgraph	1	0	0	0
VBG	doing	2	0	2	1
VBN	known	1	0	0	0
VBZ	teaches	1	0	0	0
VBN	lost	1	0	2	1
VB	makingroom	1	0	0	0
VB	aleviate	1	0	0	0
VB	sxsw	1	0	0	0
VB	amaztype	1	0	0	0
VBP	flash	1	1	0	1
VB	mind	1	0	1	0
VB	show	1	0	0	0
VB	hoodwink	1	0	0	0
VBD	knew	1	0	0	2
VBG	invading	1	0	0	0
VBP	see	1	0	1	2
VB	podcast	1	0	0	0
VBG	prosecuting	1	0	0	0
VBG	debating	1	0	1	0
VBD	crashed	1	0	0	0
VBD	gave	1	0	0	0
VB	record	1	0	2	1
VBD	closed	1	0	0	0
VBG	streaming	1	0	0	0
VBD	destroyed	1	0	0	0
VBP	win	1	0	0	0
VBN	borne	1	0	0	0
VB	warn	1	0	0	0
VBG	detached	1	0	0	0
VB	start	1	0	2	2
VBN	confused	1	0	0	0
VBD	killed	1	0	5	3
VB	surprise	2	0	0	0
VB	gridskipper	1	0	0	0
VB	mooncruise	1	0	0	0
VBN	learned	1	0	0	0
VB	meet	2	0	5	3
VBZ	markets	1	0	0	0
VBN	schooled	1	0	0	0
VBG	saving	1	0	0	0
VBN	discounted	1	0	0	0
VB	suck	1	0	0	0
VBN	refuted	1	0	0	0
VB	take	1	0	8	11
VBD	found	1	0	3	5
VBN	shot	1	0	0	0
VBD	elected	1	0	0	0
VBZ	ails	1	0	0	0
VBZ	notes	1	0	0	0
VBD	inspired	3	1	0	0
VBZ	disowns	1	0	0	0
VB	ipsum	1	0	0	0
VBZ	discusses	1	2	0	0
VB	forget	2	1	0	2
VBP	want	1	2	2	1
VBP	demonstrate	1	0	0	0
VBD	wrote	1	0	1	0
VBN	killed	1	0	0	0
VBZ	contains	1	1	0	0
VB	host	1	0	0	0
VB	see	3	0	7	5
VBN	rejected	2	0	0	0
VBZ	does	1	0	1	6
VBN	buried	2	0	1	0
VBG	nonliving	1	0	0	0
VB	elude	1	0	0	0
VBD	said	1	1	0	2
VB	control	1	0	0	0
VBZ	threadless	1	0	0	0
VBZ	harrass	1	0	0	0
VBG	punishing	1	0	0	0
VB	underscore	1	0	0	0
VB	set	1	0	0	0
VBZ	track	1	0	0	0
VB	charge	1	0	0	0
VB	test	4	0	3	2
VB	make	6	1	25	14
VB	work	1	0	0	0
VBZ	covers	1	1	0	0
VBD	did	1	1	3	6
VBG	speaking	1	0	0	0
VB	supersize	1	0	0	0
VBG	shaving	1	0	1	0
VB	confirm	1	1	0	0
VBD	keepvid	1	0	0	0
VBG	taping	1	0	0	0
VBD	ended	1	0	0	0
VB	play	3	1	4	2
VB	answer	1	1	1	1
VB	explore	2	0	1	0
VBZ	woos	1	0	0	0
VBG	celebrating	1	0	2	2
VBD	got	2	0	0	2
VBN	released	1	0	2	3
VB	blogger	1	0	0	0
VBG	anthropomorphizing	1	0	0	0
VB	truly	1	0	0	0
VB	freak	1	0	0	0
VBZ	enhances	1	0	0	0
VB	collaborative	1	0	0	0
VBP	read	1	0	2	2
VBZ	nwtf	1	0	0	0
VB	view	1	0	1	1
VBN	played	1	0	0	0
VBZ	choose	1	0	0	0
VB	avoid	1	0	2	1
VB	stalk	1	0	1	0
VB	disqualify	1	0	0	0
VBN	invented	1	0	0	0
NNP	play	1	0	3	3
VBZ	proposes	1	0	0	0
VB	serve	1	0	0	0
VBD	launched	1	0	0	0
VBZ	follows	1	0	0	1
VBG	facing	1	1	1	1
VBD	founded	1	1	0	0
VBG	taking	1	0	3	1
VBD	hired	1	0	0	0
VB	eat	1	3	4	1
VBZ	has	2	1	9	25
VBZ	worries	1	0	0	1
VBD	threw	1	0	0	0
VBZ	watches	1	0	0	0
VB	deny	1	0	1	0
VB	ratify	1	0	0	0
VB	mod	1	0	0	0
VB	metafilter	1	0	0	0
VBN	had	1	0	3	3
VBZ	furfuraceous	1	0	0	0
VBN	demolished	1	1	0	0
VBG	johnny	1	0	0	0
VBZ	hates	2	0	2	3
VB	restore	2	0	0	0
VBN	created	2	0	0	1
VBZ	confuses	1	0	0	0
VBG	suing	1	0	2	2
VB	stop	2	1	4	3
VBZ	loves	1	0	1	4
VBG	terrorizing	2	0	0	0
VB	remove	1	1	2	2
VBN	liked	1	0	0	0
VBP	target	1	0	0	0
VB	imagine	1	0	0	0
VBN	included	1	0	0	0
VB	build	2	0	10	7
VBZ	works	1	0	0	0
VBG	blog	2	2	0	1
VBZ	says	1	1	2	3
VBN	visited	1	0	0	0
VBZ	doubts	1	0	0	0
VB	love	1	0	3	3
VB	help	1	0	1	0
VB	frustrate	1	0	0	0
VBD	kissed	1	0	0	0
VBG	helping	1	0	0	0
VBG	julian	1	0	0	0
VB	keep	1	0	1	1
VB	save	1	0	5	2
VBG	roasting	1	0	0	0
VBP	dominate	1	0	1	0
VBZ	reflects	1	0	0	0
VBN	urgh	1	0	0	0
VBZ	plays	1	0	0	2
VBP	watch	1	0	0	0
VB	teach	1	0	0	0
VB	curb	1	0	0	0
VBG	promising	1	1	0	0
VBZ	historic	1	0	0	0
VBN	shut	1	0	0	0
VBG	disseminating	1	0	0	0
VB	monitor	1	0	0	0
VB	drink	1	0	1	2
VBZ	threatens	1	0	0	0
VBN	dedicated	1	0	1	0
VBN	collected	1	0	1	1
VBG	assassinating	1	0	0	0
VBG	witholding	1	0	0	0
VB	roll	1	0	3	2
NNP	is	1	0	0	0
VB	burn	1	0	0	0
VBP	champion	1	0	0	0
VBG	duckling	1	0	0	0
VB	faq	1	0	0	0
VB	speed	1	0	0	0
VB	pay	2	1	3	2
VBG	eliminating	1	0	0	0
VBN	changed	1	0	4	4
VB	harm	1	0	0	0
VB	buffer	1	0	0	0
VBG	washing	1	0	0	0
VBD	loved	2	0	0	0
VBZ	picks	1	0	0	0
VB	discover	1	0	1	1
VBN	joined	2	0	1	0
VBD	survived	2	0	1	0
VBN	enjoyed	1	0	0	0
VBN	won	3	0	2	2
VBG	everything	1	0	0	0
VBG	giving	1	0	1	0
VBD	announced	3	0	0	0
VBD	left	1	0	0	1
VBP	homepage	1	0	0	0
VBD	recalled	1	0	1	1
VBD	predicted	1	0	1	0
VBP	show	1	1	1	0
VB	solve	1	0	0	0
VBN	sericulture	1	0	0	0
VB	invisibility	1	0	0	0
VBP	have	1	1	13	14
VB	quash	1	0	0	0
VBZ	explores	2	0	0	1
VBG	explaining	1	0	0	0
VBG	judging	1	0	0	0
VBN	blocked	1	0	0	0
VBG	lasting	1	0	0	0
VB	outsource	1	0	0	0
VB	twirl	1	0	0	0
VBG	rauschenberg	1	0	0	0
VBG	playing	1	0	3	2
VBZ	drives	1	0	0	0
VBG	appropriating	1	0	0	0
VBD	questioned	2	0	0	0
VB	slow	1	0	0	0
VBP	maude	1	0	0	0
VB	fulfill	1	0	0	0
VB	recycle	1	0	0	0
VBZ	blogs	1	0	0	0
VBN	evocannon	1	0	0	0
VB	dislike	1	0	0	0
VB	find	1	1	4	1
VB	investigate	1	0	2	0
VBG	selling	1	1	0	0
VBG	building	2	1	2	1
VBP	suffer	1	0	0	0
VBN	resigned	1	0	0	0
VBG	saying	1	0	0	0
VB	spring	1	0	0	0
VB	subvert	1	0	0	0
VBG	measuring	1	0	1	0
VBZ	summarises	1	0	0	0
VB	ask	1	0	3	0
VBN	named	1	0	1	2
VB	goldfish	1	0	0	0
VBG	bootleg	1	0	0	0
VB	overthrow	1	0	0	0
NNP	make	1	0	2	2
VBG	channeling	1	0	0	0
VBP	say	1	1	4	3
VBP	feature	1	0	0	0
VBD	had	1	0	7	6
VBD	decried	1	0	0	0
VBN	received	1	1	1	1
VBN	savvy	1	0	0	0
VB	speak	1	0	0	0
VB	cancel	1	0	0	0
VBN	broken	1	0	0	0
VBP	lose	1	0	1	1
VB	rectify	1	0	0	0
VBZ	reviews	1	0	1	1
VBP	map	1	0	0	0
VBG	twisting	1	0	0	0
VBG	upsetting	1	0	0	0
VB	rent	1	0	1	0
VBN	confirmed	1	0	1	1
VBN	disowned	1	0	0	0
VBN	reviewed	1	0	1	0
VBD	parade	1	0	0	0
VBN	found	1	1	0	0
VBD	redacted	1	0	0	0
VB	experiment	1	0	0	0
VBN	funded	1	0	0	0
VBG	cutting	1	0	2	1
VB	like	1	1	0	0
VBG	landing	1	0	0	0
VB	conduct	1	0	0	0
VBG	raiding	1	0	0	0
VBN	been	1	0	1	1
VBG	restoring	1	0	0	0
VBZ	conducts	1	0	0	0
VBZ	paperwhites	1	0	0	0
VBD	related	1	0	1	0
VB	attract	1	0	0	0
VBD	defended	1	0	0	0
VBG	advertising	1	0	0	0
VBP	identify	1	0	0	0
VBN	sued	1	1	0	0
VB	fight	1	0	1	0
VBG	boycotting	1	0	1	1
VB	taint	1	0	0	0
VBD	called	1	0	0	0
VB	fork	1	0	0	0
VBG	promoting	1	0	1	0
VBP	spook	1	0	0	0
VBG	spybox	1	0	0	0
VBD	won	1	2	1	1
VBD	mapped	1	0	0	0
VBN	affected	1	0	1	1
VB	rescue	1	0	0	0
VBG	imitating	1	0	0	0
VBD	quashed	1	0	0	0
VBZ	addresses	1	0	0	0
VB	fix	1	0	1	0
VBD	pioneered	1	0	0	0
VB	mutilate	1	0	0	0
VBD	rescinded	1	0	0	0
VBN	forgiven	1	0	0	0
VBZ	recognizes	1	0	0	0
VBG	fried	1	0	0	0
VB	touch	1	0	0	0
VB	open	1	0	0	0
VBG	animated	1	0	0	0
VBZ	resembles	1	0	0	0
VBN	recreated	1	0	0	0
VBG	starting	1	0	0	0
VBD	overwhelmed	1	0	0	0
VBN	studied	1	0	0	0
VBN	jolted	1	0	0	0
VBD	criticized	1	0	0	0
VBG	creating	1	0	2	1
VBG	transcending	1	0	0	0
VB	modulate	1	0	0	0
VBG	tweeting	1	0	0	0
VBN	built	1	1	0	1
VBD	brandished	1	0	0	0
VBG	scratchbuilding	1	0	0	0
VBD	combined	1	0	0	0
VB	order	1	0	0	0
VBP	make	1	0	9	7
VBZ	visualizes	1	0	0	0
VBN	purchased	1	0	0	0
VBD	attended	1	0	0	0
VBD	graced	1	0	0	0
VBG	separating	1	0	1	1
VB	swallow	1	0	0	0
VB	afford	1	0	0	0
VBN	ended	1	0	0	0
VBZ	investigates	1	0	1	1
VB	rip	1	0	0	0
VBN	introduced	1	0	0	0
VB	blog	1	1	0	0
VB	customize	1	0	1	1
VBG	killing	1	0	1	1
VB	collect	1	0	0	0
VBG	documenting	1	0	0	0
VBZ	describes	1	0	2	3
VBD	joined	1	0	0	0
VBN	plagued	1	0	0	0
VBN	impressed	1	0	0	0
VBG	hosting	1	0	0	0
VBG	drawing	1	0	2	1
VBG	mocking	1	0	0	0
NNP	meet	1	0	2	2
VBN	fired	1	1	0	0
VB	assassinate	1	0	0	0
VBN	enraptured	1	0	0	0
VBD	demanded	1	0	0	0
VBN	performed	1	0	0	0
VBD	opened	1	0	0	0
VBZ	announces	1	0	0	0
VB	understand	1	1	0	0
VBP	speak	1	0	0	0
VB	describe	1	0	0	1
VBN	linked	1	0	0	0
VB	revive	1	0	0	0
VBN	exacerbated	1	0	0	0
VB	risusiverse	1	0	0	0
VBG	singing	1	0	1	0
VB	beleaguer	1	0	0	0
VB	symbolize	1	0	0	0
VBN	undergone	1	0	0	0
VBZ	crafts	0	1	0	0
VB	tightarsed	0	1	0	0
VBP	think	0	2	0	0
VB	become	0	1	1	3
VBG	thesaurus	0	1	0	0
VB	recall	0	1	0	0
VBG	esquire	0	1	0	0
VBN	impeached	0	1	0	0
VBG	stalking	0	1	0	0
VBZ	raps	0	1	0	0
VBN	read	0	1	0	0
VBP	plan	0	1	0	0
VBD	hacked	0	1	1	0
VBZ	lasers	0	1	0	0
VBZ	pardons	0	1	0	0
VB	retire	0	1	0	0
VBD	scoreboard	0	1	0	0
VBP	note	0	1	0	0
VBP	judge	0	1	0	0
VBZ	languages	0	1	0	0
VBZ	chess	0	1	0	0
VBZ	fraud	0	1	0	0
VBZ	starts	0	1	1	1
VBZ	math	0	1	0	0
VBP	share	0	1	0	0
VBZ	kills	0	1	3	3
VB	unplug	0	1	0	0
VBG	blogging	0	2	3	1
VB	be	0	8	3	4
VBG	wing	0	1	0	0
VBG	screening	0	1	0	0
VBG	warning	0	1	0	0
VBG	label	0	1	0	0
VBG	future	0	1	0	0
VBN	designed	0	1	0	0
VBG	visiting	0	1	0	0
VB	flee	0	1	0	0
VB	reprint	0	1	0	0
VBG	me	0	2	0	0
VBZ	disses	0	1	0	0
VBG	abusing	0	1	0	0
VBG	tackling	0	1	0	0
VBZ	cautions	0	1	0	0
VBZ	dies	0	3	0	0
VBN	fingered	0	1	0	0
VBD	named	0	1	0	1
VB	have	0	1	2	5
VBD	denied	0	1	2	2
VB	slavery	0	1	0	0
VBN	confronted	0	1	0	0
VB	join	0	2	5	3
VBZ	gals	0	1	0	0
VBZ	speaks	0	1	0	0
VBZ	update	0	1	0	0
VB	leave	0	1	0	0
VB	sign	0	1	2	1
VBG	happening	0	1	0	0
VBZ	conscious	0	1	0	0
VB	talk	0	1	0	0
VBZ	revamps	0	1	0	0
VBG	war	0	1	0	0
VBZ	sucks	0	1	0	0
VBD	am	0	1	0	0
VBG	ruling	0	1	0	0
VBN	filed	0	1	0	0
VBN	escaped	0	1	0	0
VBZ	deal	0	1	0	0
VB	ban	0	1	3	1
VB	support	0	1	1	1
VBN	selected	0	1	0	0
VBN	faced	0	1	0	0
VBZ	lives	0	1	0	0
VBG	broken	0	1	0	0
VBZ	culture	0	1	0	0
VB	buy	0	1	18	12
VBG	driving	0	1	2	0
VB	decide	0	1	0	0
VBG	laughing	0	1	0	0
VBD	kidnapped	0	1	0	0
VBZ	defends	0	1	2	1
VB	hold	0	1	0	1
VB	imprison	0	1	0	0
VBZ	singers	0	1	0	0
VBG	rebuilding	0	1	0	0
VBZ	mobs	0	1	0	0
VBZ	god	0	1	0	0
VBZ	oreos	0	1	0	0
VBZ	diaries	0	1	0	0
VBD	overturned	0	1	0	0
VB	vote	0	1	1	0
VBG	gammage	0	1	0	0
VBG	reverberating	0	1	0	0
VBN	repealed	0	1	0	0
VB	pass	0	1	0	0
VBP	die	0	1	0	0
VBZ	anus	0	1	0	0
VBZ	illiterates	0	1	0	0
VB	expect	0	1	0	0
VBP	toothpaste	0	1	0	0
VBP	org	0	1	0	0
VBN	deleted	0	1	0	0
VBN	convicted	0	1	0	0
VB	reaffirm	0	1	0	0
VBP	own	0	1	1	1
VBZ	meets	0	1	0	0
VB	homme	0	1	0	0
VB	feed	0	1	1	1
VBD	stole	0	1	2	2
VB	escape	0	1	0	0
VBZ	mirrors	0	1	0	1
VBP	judgement	0	1	0	0
VBZ	unfolds	0	1	0	0
VB	explain	0	2	0	0
VB	gauge	0	1	0	0
VBG	buying	0	1	0	0
VBZ	riot	0	1	0	0
VBZ	sells	0	1	0	0
VBG	uk	0	1	0	0
VBG	loading	0	1	0	0
VBZ	everything	0	1	0	0
VBG	islam	0	1	0	0
VBG	knitting	0	1	1	1
VBG	history	0	1	0	0
VBZ	weeps	0	1	0	0
VBD	was	0	2	2	10
VB	live	0	1	0	0
VB	enjoy	0	1	2	0
VBZ	zidane	0	1	0	0
VBP	question	0	2	0	1
VBG	reading	0	1	3	2
VB	poison	0	1	0	0
VB	use	0	1	2	3
VBG	culling	0	1	0	0
VBZ	uses	0	1	1	1
VB	go	0	1	6	5
VBD	painted	0	2	0	0
VBG	winning	0	1	0	0
VBP	do	0	1	1	3
VB	say	0	1	0	1
VB	israel	0	1	0	0
VB	combine	0	1	0	0
VB	change	0	1	4	2
VBG	trainsurfing	0	1	0	0
VBZ	interviews	0	1	0	1
VBG	dying	0	1	0	0
VB	exist	0	1	0	0
VB	mention	0	1	0	0
VB	phrase	0	1	0	0
VBZ	eats	0	1	1	0
VBZ	reclaims	0	1	0	0
VBZ	tribulations	0	1	0	0
VBZ	owns	0	3	0	0
VBD	worked	0	1	0	0
VBP	talk	0	1	0	0
VB	move	0	1	0	0
VBG	louisiana	0	1	0	0
VB	reduce	0	1	1	0
VBD	arkanoid	0	1	0	0
VBZ	heckles	0	1	0	0
VBZ	rinse	0	1	0	0
VBD	returned	0	1	1	1
VBN	unveiled	0	1	1	1
VBP	observe	0	1	0	0
VBZ	moths	0	1	0	0
VB	thrill	0	1	0	0
VBG	spaced	0	1	0	0
VBZ	misses	0	1	1	1
VBG	losing	0	1	0	0
VB	handmade	0	1	0	0
VBN	legalized	0	1	0	0
VB	demolish	0	1	0	0
VBZ	dissolves	0	1	0	0
VBG	website	0	1	0	0
VBP	yield	0	1	0	0
VBG	incorporating	0	1	0	0
VBZ	xiii	0	1	0	0
VB	enforce	0	1	1	1
VBZ	claims	0	1	0	0
VBZ	vocals	0	1	0	0
VBZ	wrong	0	1	0	0
VBZ	bands	0	1	0	0
VBZ	happens	0	1	0	0
VBD	zombified	0	1	0	0
VBZ	family	0	1	0	0
VBN	mentioned	0	1	1	1
VB	recruit	0	1	0	0
VBG	slow	0	1	0	0
VBP	fail	0	1	0	0
VBG	compiling	0	1	0	0
VBG	sleeping	0	1	0	0
VBN	endorsed	0	1	0	0
VBG	entrancing	0	1	0	0
VBZ	octopus	0	1	0	0
VB	die	0	1	3	2
VBN	heard	0	1	1	0
VBG	insanity	0	1	0	0
VB	consider	0	1	0	0
VBZ	photography	0	1	0	0
VBP	bio	0	1	0	0
VB	sound	0	1	0	0
VB	wash	0	1	2	1
VB	accept	0	1	0	0
VBG	training	0	1	0	0
VBN	considered	0	1	0	0
VBN	developed	0	1	0	0
VB	know	0	2	1	1
VBZ	adventures	0	1	0	0
VBP	care	0	1	0	0
VBN	adapted	0	1	0	0
VBZ	edits	0	1	0	0
VB	overthink	0	1	0	0
VBN	condemned	0	1	0	0
VB	repeal	0	1	0	0
VBZ	scours	0	1	0	0
VBD	passed	0	1	1	0
VBZ	suggests	0	1	1	2
VBZ	descalzos	0	1	0	0
VB	contain	0	1	0	0
VBZ	rides	0	1	0	0
VBG	overstimulating	0	1	0	0
VB	combat	0	1	0	0
VBZ	discuss	0	1	0	0
VBZ	friend	0	1	0	0
VBZ	highlights	0	1	0	0
VBG	betting	0	1	0	0
VBP	au	0	1	0	0
VB	launch	0	1	0	0
VBD	examined	0	1	0	0
VB	rewrite	0	1	1	1
VBG	dissecting	0	1	0	0
VBZ	hebb	0	1	0	0
VBG	spelunking	0	1	0	0
VBP	echo	0	1	0	0
VBP	connect	0	1	0	0
VBN	met	0	1	0	0
VB	erkie	0	1	0	0
VBZ	leaf	0	1	0	0
VBG	posting	0	1	1	0
VBG	butchering	0	1	0	0
VBZ	bubbles	0	1	0	0
VBZ	things	0	1	0	0
VBG	sampling	0	1	0	0
VBG	archive	0	1	0	0
VBD	followed	0	1	0	0
VBP	sing	0	1	0	0
VBN	hacked	0	1	0	0
VB	survive	0	1	2	1
VB	crush	0	0	2	1
VBN	charted	0	0	1	1
VB	register	0	0	1	0
VB	sing	0	0	2	1
VB	fuck	0	0	1	1
VBG	drinking	0	0	1	1
VB	copyright	0	0	1	1
VBG	cloning	0	0	1	1
VBN	claimed	0	0	1	0
VB	protest	0	0	1	1
VB	elect	0	0	1	0
VBZ	chooses	0	0	1	1
VBG	prayer	0	0	1	1
JJ	rid	0	0	1	1
VB	marry	0	0	2	1
VB	second	0	0	1	1
VB	hear	0	0	4	2
VB	tell	0	0	4	2
VBG	gutting	0	0	1	1
VB	clone	0	0	1	1
VBD	logged	0	0	1	1
VB	bone	0	0	1	1
VB	bite	0	0	1	1
VB	scan	0	0	1	1
VB	whistle	0	0	1	0
VBD	printed	0	0	1	1
VBP	liberate	0	0	1	1
VBG	defending	0	0	3	2
VB	wear	0	0	2	1
VBN	boycotted	0	0	1	1
VB	pick	0	0	1	1
VBG	running	0	0	1	0
VBN	engulfed	0	0	1	1
VBZ	receives	0	0	1	1
VBD	approved	0	0	1	0
VBG	ditching	0	0	1	0
VB	lose	0	0	4	3
VB	violate	0	0	2	1
VBP	hire	0	0	1	1
VB	try	0	0	4	2
VB	end	0	0	2	0
VB	google	0	0	2	2
VB	master	0	0	1	1
VB	detain	0	0	1	0
VB	plug	0	0	1	1
VB	invent	0	0	2	0
VB	prescribe	0	0	1	1
VB	shrink	0	0	3	2
VBD	went	0	0	1	2
VB	research	0	0	1	1
VBN	executed	0	0	1	1
VBG	lecturing	0	0	1	1
VBP	answer	0	0	1	1
VBG	remembering	0	0	3	2
VB	convert	0	0	1	0
VBG	miscalculating	0	0	1	1
VBZ	screw	0	0	1	1
VBN	ruffled	0	0	2	1
VB	diaper	0	0	1	1
VBD	discovered	0	0	1	1
VBD	invented	0	0	3	2
VB	name	0	0	1	0
VB	homemade	0	0	1	0
VBN	left	0	0	1	0
VBN	gone	0	0	3	1
VBZ	hedge	0	0	1	1
VBD	taped	0	0	1	0
VB	rethink	0	0	1	0
VB	toe	0	0	1	1
VB	panhandle	0	0	1	1
VBZ	perplexes	0	0	1	0
VB	promote	0	0	2	2
VBN	spoken	0	0	1	1
VB	look	0	0	1	0
VB	scour	0	0	1	0
VBG	combining	0	0	1	0
VBG	changing	0	0	3	3
VBG	dusting	0	0	1	0
VBG	marketing	0	0	1	1
VB	id	0	0	1	0
VB	cure	0	0	2	1
VBN	upheld	0	0	1	0
VB	practice	0	0	1	2
VBP	voice	0	0	1	1
VBG	reviving	0	0	2	2
VBD	assaulted	0	0	1	0
VB	tan	0	0	1	0
VB	predict	0	0	3	3
VB	kick	0	0	1	1
VBD	seized	0	0	1	1
VB	purchase	0	0	1	1
VBN	labeled	0	0	1	0
VB	interview	0	0	1	1
VBZ	bears	0	0	1	1
VBG	filling	0	0	1	1
VB	lift	0	0	1	1
VBD	cut	0	0	1	1
VB	draw	0	0	4	2
VB	cost	0	0	2	1
VBN	embraced	0	0	1	0
VBG	illustrating	0	0	1	1
VBG	pulling	0	0	1	0
VBN	translated	0	0	2	1
VB	airbrush	0	0	1	1
VBD	supported	0	0	1	0
VBP	create	0	0	2	1
VBP	need	0	0	1	4
VBP	find	0	0	2	3
VBG	hitchhiking	0	0	1	0
VB	guess	0	0	2	1
VB	hypnotize	0	0	2	1
VBZ	mulls	0	0	1	1
VBG	moving	0	0	2	1
VB	watch	0	0	8	5
VBG	kicking	0	0	1	1
VB	hunt	0	0	1	0
VB	uninstall	0	0	1	0
VBG	ordering	0	0	1	0
VB	blame	0	0	1	0
VBG	greatest	0	0	1	1
VB	map	0	0	1	1
VBZ	wins	0	0	1	1
VBN	cited	0	0	1	0
VBG	capturing	0	0	1	1
VBN	caused	0	0	1	0
VB	provide	0	0	1	1
VB	seek	0	0	1	1
VBZ	denies	0	0	2	1
VB	believe	0	0	1	1
VBN	equivocate	0	0	1	0
VBP	get	0	0	3	2
VB	override	0	0	1	0
VBN	made	0	0	3	2
VBZ	trailer	0	0	1	1
VB	procrastinate	0	0	1	1
VB	clean	0	0	1	0
VBP	take	0	0	4	3
VBG	tracking	0	0	1	1
VBD	deported	0	0	1	0
VB	abandon	0	0	1	0
VBG	nearing	0	0	1	1
VBD	klick	0	0	1	0
VBZ	tortured	0	0	1	0
VB	locate	0	0	1	1
VBZ	challenges	0	0	1	0
VBZ	invokes	0	0	1	0
VB	annoy	0	0	1	1
VBD	caught	0	0	1	0
VBG	infiltrating	0	0	1	1
VBN	fuck	0	0	1	1
VBG	accosting	0	0	1	1
VB	press	0	0	1	0
VBZ	wholesale	0	0	1	0
VBZ	infects	0	0	1	0
VB	beat	0	0	3	1
VB	delete	0	0	1	0
VB	degrade	0	0	1	0
VBG	painting	0	0	2	2
VB	put	0	0	1	1
VBZ	defeats	0	0	1	1
VBZ	justifies	0	0	1	1
VBG	cultivating	0	0	1	1
VB	limit	0	0	2	0
VBN	attacked	0	0	1	1
VBD	kept	0	0	2	0
VBP	steal	0	0	1	1
VBD	extracted	0	0	1	1
VBG	threatening	0	0	2	0
VBG	going	0	0	2	2
VBD	bifurcated	0	0	1	1
VBZ	bans	0	0	4	2
VBP	double	0	0	1	1
VBN	hitched	0	0	1	0
VBG	retelling	0	0	1	0
VBZ	bites	0	0	1	1
VBP	imitate	0	0	1	0
VB	think	0	0	2	2
VB	replace	0	0	3	2
VB	impermanent	0	0	1	1
VB	stimulate	0	0	1	1
VBZ	hated	0	0	1	1
VBG	examining	0	0	1	0
VB	post	0	0	1	0
VBD	smoked	0	0	1	1
VB	experience	0	0	1	1
VBG	chronicle	0	0	1	1
VB	attend	0	0	1	0
VBG	preserving	0	0	1	1
VB	redevelop	0	0	1	0
VBN	launched	0	0	1	0
VB	tag	0	0	1	1
VBN	constructed	0	0	1	1
VBZ	answers	0	0	2	2
VBP	work	0	0	1	0
VB	taste	0	0	1	1
VBZ	sees	0	0	1	0
VB	reconstruct	0	0	1	0
VBD	popularized	0	0	1	0
VBZ	clears	0	0	1	1
VBP	destroy	0	0	2	1
VB	do	0	0	6	2
VBG	writing	0	0	5	4
VB	pull	0	0	1	0
VBG	reclaiming	0	0	1	1
VBG	demonstating	0	0	1	0
VB	gay	0	0	1	1
VB	read	0	0	9	4
VB	cover	0	0	2	2
VB	lessen	0	0	1	0
VBG	climbing	0	0	2	2
VBD	addressed	0	0	1	1
VBZ	dislikes	0	0	1	0
VB	scrutinize	0	0	1	1
VBG	having	0	0	2	4
VB	identify	0	0	2	0
VBG	issuing	0	0	1	0
VBP	eat	0	0	1	1
VBG	entering	0	0	1	2
VBD	made	0	0	4	5
VBN	denied	0	0	2	1
VB	contact	0	0	1	0
VB	defend	0	0	2	2
VB	tupperware	0	0	1	1
VBG	browse	0	0	1	1
VBP	geek	0	0	1	1
NN	link	0	0	1	0
VBD	defied	0	0	1	1
VBZ	toss	0	0	1	1
VB	recreate	0	0	1	1
VB	unfold	0	0	1	0
VBG	flooding	0	0	1	1
VB	suspend	0	0	1	0
VBP	register	0	0	1	1
VBD	became	0	0	1	1
VBD	saved	0	0	1	1
VB	refuse	0	0	1	1
VBZ	induces	0	0	1	1
VBG	finding	0	0	2	1
VBG	browsing	0	0	1	0
VBP	travel	0	0	1	1
VB	wok	0	0	1	1
VBG	crying	0	0	1	1
VB	carve	0	0	1	1
VBG	sniffing	0	0	1	1
VBZ	meet	0	0	1	0
VBG	mapping	0	0	1	0
VBD	pulled	0	0	1	0
VBN	upset	0	0	1	0
VBG	missing	0	0	2	1
VBG	getting	0	0	2	2
VB	wikify	0	0	1	0
VBZ	rudolph	0	0	1	1
VBD	understood	0	0	1	1
VB	donate	0	0	2	0
VBN	formed	0	0	2	1
VBG	trading	0	0	1	0
VBP	appear	0	0	1	1
VB	abolish	0	0	2	1
VBD	sink	0	0	1	1
VBN	written	0	0	3	2
VBG	laying	0	0	1	1
VBP	google	0	0	1	1
VB	kirkbride	0	0	1	1
VBG	printing	0	0	1	0
VBG	talking	0	0	1	1
VBN	kidnapped	0	0	1	0
VB	video	0	0	1	1
VBZ	thinks	0	0	1	1
VB	insurgent	0	0	1	0
VBG	waving	0	0	1	1
VB	aide	0	0	1	0
VBG	hitting	0	0	1	1
VB	balance	0	0	1	1
VB	swarm	0	0	1	1
VBZ	shares	0	0	1	0
VB	intellectualize	0	0	1	1
VBZ	needs	0	0	1	2
VB	spot	0	0	1	1
VB	affect	0	0	1	0
VB	stoner	0	0	1	1
VBD	looked	0	0	1	1
VB	fold	0	0	1	1
VB	promise	0	0	1	0
VBZ	clarified	0	0	1	0
VBG	holding	0	0	1	2
VB	criminalize	0	0	1	1
VBD	affected	0	0	1	0
VB	reinvent	0	0	1	0
VBN	issued	0	0	2	1
VBD	need	0	0	1	1
VBP	pop	0	0	1	1
VBZ	cuts	0	0	2	2
VBZ	nominates	0	0	1	1
VB	defeat	0	0	1	1
VBG	simulating	0	0	1	0
VB	break	0	0	2	2
VBP	surround	0	0	1	1
VBN	got	0	0	5	3
VBG	attracting	0	0	1	0
VBG	cleaning	0	0	1	0
VB	treat	0	0	1	0
VBZ	questions	0	0	1	0
VBD	missed	0	0	1	1
VBG	cooling	0	0	1	1
VBG	stirring	0	0	1	1
VB	blow	0	0	2	0
VBP	round	0	0	1	1
VBZ	joins	0	0	1	0
VBZ	looting	0	0	1	0
VBP	intenstinal	0	0	1	1
VBD	conducted	0	0	1	1
VBG	conceding	0	0	1	1
VBG	rewarding	0	0	1	0
VB	capture	0	0	2	1
VBZ	relaunches	0	0	1	1
VBP	start	0	0	1	2
VBP	promote	0	0	1	0
VBD	sought	0	0	1	1
VBD	reversed	0	0	1	0
VBP	fuck	0	0	1	1
VB	follow	0	0	2	1
VB	repeat	0	0	1	0
VBD	reported	0	0	1	1
VBG	riding	0	0	1	0
VB	stem	0	0	2	1
VBP	illustrate	0	0	1	0
VB	expand	0	0	1	0
VBD	broadcast	0	0	1	0
VBD	built	0	0	1	1
VBN	nicknamed	0	0	1	0
VBP	date	0	0	1	0
VB	communicate	0	0	1	1
VBN	come	0	0	2	0
VBD	changed	0	0	5	4
VBD	spoke	0	0	1	0
VBN	spawned	0	0	1	0
VB	legislate	0	0	1	1
VBN	started	0	0	1	1
VB	wave	0	0	1	1
VBG	meeting	0	0	2	1
VBP	remain	0	0	1	0
VBG	collecting	0	0	1	1
VBN	taken	0	0	2	2
VB	train	0	0	1	1
VBG	converting	0	0	1	0
VB	unionize	0	0	1	1
VBN	rehabilitated	0	0	1	1
VB	give	0	0	4	3
VBZ	poisoned	0	0	1	1
VBD	posted	0	0	2	0
VBG	grabbing	0	0	1	1
VB	pierce	0	0	1	1
VBD	hit	0	0	2	2
VBD	accepted	0	0	1	0
VBN	inspired	0	0	1	1
VBZ	pops	0	0	1	1
VBN	answered	0	0	1	1
VBG	photographing	0	0	1	0
VBD	freed	0	0	1	0
VBZ	mirror	0	0	1	0
VBN	tempered	0	0	1	0
VB	decry	0	0	1	0
VBG	delivering	0	0	1	0
VB	reinstate	0	0	1	1
VBZ	totals	0	0	1	1
VB	harpoon	0	0	1	0
VBD	met	0	0	1	0
VBZ	provides	0	0	3	3
VB	race	0	0	1	0
VBZ	remains	0	0	1	0
VBN	declared	0	0	1	1
VBD	claimed	0	0	1	1
VBG	redefining	0	0	1	0
VBG	transcribing	0	0	1	0
VBD	performed	0	0	1	0
VB	linoleum	0	0	1	1
VBG	attacking	0	0	2	1
VB	calm	0	0	1	1
VBD	designed	0	0	1	0
VB	vlad	0	0	1	1
VBD	served	0	0	1	0
VBN	dropped	0	0	1	0
VBG	minding	0	0	1	1
VBZ	submits	0	0	1	1
VBD	withheld	0	0	1	0
VBZ	uncovers	0	0	1	0
VBP	buy	0	0	1	0
VB	increase	0	0	3	0
VBD	purloined	0	0	1	1
VB	bring	0	0	1	0
VB	flickr	0	0	1	1
VBN	committed	0	0	1	1
VBP	yt	0	0	1	1
VBG	same	0	0	1	1
VBG	commemorating	0	0	1	1
VB	dress	0	0	1	0
VB	print	0	0	2	0
VBD	read	0	0	1	1
VBZ	poison	0	0	1	1
VBG	destroying	0	0	1	1
VBD	download	0	0	2	2
VB	target	0	0	1	0
VB	gisele	0	0	1	1
VBN	hatched	0	0	1	1
VB	dominate	0	0	1	0
VB	grab	0	0	1	0
VBG	proving	0	0	1	1
VBD	happy	0	0	1	1
VBZ	download	0	0	1	0
VB	push	0	0	1	0
VBG	liveblogging	0	0	1	0
VB	hack	0	0	1	1
VBP	preach	0	0	1	0
VB	reveal	0	0	1	0
VBN	asked	0	0	1	1
VBG	placating	0	0	1	1
VBN	debated	0	0	1	1
VBZ	respects	0	0	1	1
VBG	advocating	0	0	1	1
VB	finish	0	0	1	0
VBN	solved	0	0	1	0
VBG	supporting	0	0	3	2
VBD	required	0	0	1	1
VB	insert	0	0	1	0
VBN	added	0	0	1	1
VBP	go	0	0	1	1
VBN	resumed	0	0	1	0
VBD	recommended	0	0	1	0
VBZ	writes	0	0	1	1
VBG	preaching	0	0	1	0
VB	spread	0	0	1	1
VB	inspire	0	0	2	1
VBG	surfing	0	0	1	1
VBG	paddle	0	0	1	1
VBZ	usgs	0	0	1	1
VBG	loving	0	0	2	1
VB	add	0	0	3	3
VB	spare	0	0	1	0
VBZ	befriends	0	0	1	0
VB	cnet	0	0	1	1
VBG	pushing	0	0	1	1
VBZ	buys	0	0	1	1
VBG	outselling	0	0	1	0
VB	design	0	0	1	1
VBD	trashed	0	0	1	0
VB	slap	0	0	1	1
VBZ	determines	0	0	1	1
VB	cross	0	0	1	0
VBZ	beats	0	0	2	2
VBG	catering	0	0	1	0
VBN	uncontained	0	0	1	1
VBG	enjoying	0	0	2	1
VB	browse	0	0	1	1
VBD	lamented	0	0	1	0
VBG	turning	0	0	1	1
VBG	lobbing	0	0	1	1
VB	jodie	0	0	1	1
VBD	vetoed	0	0	1	0
VBP	bis	0	0	1	1
VBG	weng	0	0	1	1
VBG	amassing	0	0	1	1
VBG	showing	0	0	1	2
VB	arrest	0	0	1	1
VBP	experience	0	0	1	0
VBN	amoeboid	0	0	1	0
VBD	perceived	0	0	1	1
VB	indicate	0	0	1	1
VBG	predicting	0	0	1	1
VBZ	shows	0	0	1	1
VB	reinterpret	0	0	1	1
VB	overwhelm	0	0	1	0
VBN	done	0	0	1	2
VBG	unlike	0	0	1	1
VBD	fired	0	0	1	2
VBG	striking	0	0	1	1
VB	sell	0	0	2	1
VBG	akonting	0	0	1	0
VBG	confronting	0	0	1	1
VBG	manning	0	0	1	0
VBP	kill	0	0	1	1
VBZ	requires	0	0	1	0
VBD	started	0	0	1	1
VBG	inviting	0	0	1	0
VBZ	ponders	0	0	1	1
VBG	reinventing	0	0	1	1
VBP	discover	0	0	1	0
VBG	assaulting	0	0	1	1
VB	sock	0	0	1	1
VBG	disclosing	0	0	1	1
VB	raise	0	0	2	1
VB	mitigate	0	0	1	0
VB	marauding	0	0	1	1
VBG	vinnie	0	0	1	0
VBZ	grand	0	0	1	0
VBN	used	0	0	1	0
VB	throw	0	0	1	2
VBG	snoring	0	0	1	1
VBZ	celebrates	0	0	1	0
VBD	nominated	0	0	1	0
VBG	flying	0	0	1	0
VBG	refusing	0	0	1	0
VBD	appointed	0	0	1	0
VBN	outraged	0	0	1	1
VBN	droned	0	0	1	1
VBN	enraged	0	0	1	0
VBN	died	0	0	1	1
VBG	downing	0	0	1	1
VBN	turned	0	0	1	0
VBZ	manages	0	0	1	1
VB	let	0	0	1	0
VB	classify	0	0	1	0
VB	boycott	0	0	1	0
VB	please	0	0	1	1
VBD	attempted	0	0	1	1
VBG	keeping	0	0	2	1
VBG	looking	0	0	1	0
VBN	limewood	0	0	1	0
VBG	bringing	0	0	1	1
VBD	kicked	0	0	1	0
VB	qat	0	0	1	1
VBG	weighing	0	0	1	0
VBZ	loses	0	0	1	0
VBZ	raises	0	0	1	0
VBP	join	0	0	1	1
VBG	catching	0	0	1	1
VB	literate	0	0	1	1
VBG	modifying	0	0	1	1
VBG	understanding	0	0	1	0
VBG	reconciling	0	0	1	1
VBZ	music	0	0	1	0
VBZ	demonstrates	0	0	1	1
VBZ	facilitates	0	0	1	0
VB	punch	0	0	1	1
VB	part	0	0	1	1
VB	ignore	0	0	2	1
VBZ	includes	0	0	1	0
VBG	inspiring	0	0	1	0
VB	match	0	0	1	0
VBD	liked	0	0	1	2
VBD	collected	0	0	1	1
VBG	demolishing	0	0	1	0
VBZ	offers	0	0	1	1
VBG	select	0	0	1	1
VBZ	resolves	0	0	1	0
VB	reform	0	0	1	0
VBD	drowned	0	0	1	0
VBG	interactive	0	0	1	0
VB	commit	0	0	1	1
VBG	motorcycling	0	0	1	0
VBG	telling	0	0	1	1
VBG	twittering	0	0	1	1
VB	bear	0	0	1	0
VBD	shot	0	0	1	0
VBG	claiming	0	0	1	1
VBZ	contemplates	0	0	1	0
VBN	censured	0	0	1	0
VBZ	breaks	0	0	1	1
VBP	affect	0	0	1	0
VBG	reporting	0	0	1	0
VBD	rescued	0	0	2	1
VBD	spawned	0	0	1	0
VBZ	launches	0	0	1	1
VB	celebrate	0	0	2	1
VB	or	0	0	1	0
VB	regurgitate	0	0	1	1
VBZ	commence	0	0	1	1
VBG	starring	0	0	1	0
VBN	debunked	0	0	1	1
VBN	modified	0	0	1	0
VBP	impressive	0	0	1	1
VB	wayback	0	0	1	0
VBG	launching	0	0	1	1
VBG	picking	0	0	1	0
VBZ	denounces	0	0	1	1
VB	revolutionize	0	0	2	1
VBG	leading	0	0	1	2
VB	erection	0	0	1	1
VBD	calculated	0	0	1	1
VBG	petitioning	0	0	1	0
VBD	beat	0	0	1	0
VBZ	lifts	0	0	1	1
VBD	severed	0	0	1	0
VB	embellish	0	0	1	0
VB	alter	0	0	1	0
VBN	embedded	0	0	1	1
VBZ	shake	0	0	1	1
VBG	touring	0	0	1	1
VB	bless	0	0	1	1
VBP	span	0	0	1	1
VBN	dissolved	0	0	1	0
VBN	scheduled	0	0	1	1
VBG	sacking	0	0	1	1
VB	sketch	0	0	1	0
VBD	trounced	0	0	1	1
VBZ	discourages	0	0	1	0
VBP	hear	0	0	1	1
VBG	performing	0	0	1	1
VBG	spreading	0	0	1	1
VB	uphold	0	0	1	0
VB	decorate	0	0	1	1
VBP	nycdot	0	0	1	0
VBD	added	0	0	1	0
VBZ	negates	0	0	1	0
VB	appreciate	0	0	1	1
VBZ	herbivorous	0	0	1	1
VB	hate	0	0	1	1
VBZ	opens	0	0	1	1
VBP	defend	0	0	1	1
JJ	localized	0	0	1	0
RB	previously	0	0	1	1
VBZ	declares	0	0	1	1
VB	censor	0	0	1	1
VBN	shiloh	0	0	1	1
VB	uter	0	0	1	0
VBD	avoid	0	0	1	1
VBG	experiencing	0	0	1	1
VBZ	atticus	0	0	1	1
VBZ	photographs	0	0	1	2
VBG	describing	0	0	1	1
VBN	barred	0	0	1	1
VBG	collapsing	0	0	1	1
VBG	boring	0	0	1	0
VBD	fuck	0	0	1	1
VBD	analyzed	0	0	1	1
VB	pesky	0	0	1	0
VB	invade	0	0	1	0
VBN	related	0	0	2	0
VB	mesmerize	0	0	1	0
VB	exterminate	0	0	1	0
VBP	play	0	0	1	2
VBD	contained	0	0	1	1
VB	quit	0	0	1	1
VBG	becoming	0	0	1	2
VBD	ate	0	0	1	0
VB	unite	0	0	1	1
VBZ	pays	0	0	1	1
VB	digitize	0	0	1	0
VB	tighten	0	0	1	0
VB	verify	0	0	1	1
VBZ	gives	0	0	1	2
VBZ	presents	0	0	1	1
VBN	accepted	0	0	1	0
VB	fill	0	0	1	0
VB	kiss	0	0	1	0
VB	tie	0	0	1	0
VB	legalize	0	0	1	1
VB	detoxify	0	0	1	0
VBN	born	0	0	1	1
VBP	forgave	0	0	1	0
VBZ	wants	0	0	2	3
VBZ	rickrolls	0	0	1	1
VBN	enhanced	0	0	1	1
VBP	open	0	0	1	1
VBP	press	0	0	1	1
VB	redesign	0	0	1	1
VBZ	enters	0	0	1	2
VBN	invent	0	0	1	1
VBP	imagine	0	0	1	1
VBZ	puts	0	0	1	0
VB	own	0	0	1	1
VB	track	0	0	1	0
VBG	visualising	0	0	1	1
VB	turn	0	0	1	0
VBZ	takes	0	0	1	2
VB	adjust	0	0	1	1
VB	woo	0	0	1	0
VBD	panned	0	0	1	1
VB	examine	0	0	1	0
VB	maximize	0	0	1	1
VBN	canceled	0	0	1	0
VB	address	0	0	2	1
VBG	contributing	0	0	1	0
VB	enter	0	0	1	0
VBG	joining	0	0	1	1
VBZ	crime	0	0	1	1
VBZ	oh	0	0	1	0
VBN	interviewed	0	0	1	1
VBG	emphasizing	0	0	1	0
VB	reproduce	0	0	1	0
VB	define	0	0	1	1
VB	embody	0	0	1	0
VBG	opening	0	0	1	1
VBD	lowballed	0	0	1	0
VB	introduce	0	0	1	0
VBN	robbed	0	0	1	1
VBN	finished	0	0	1	0
VBN	suck	0	0	1	0
VBG	punching	0	0	1	0
VBD	created	0	0	1	1
VB	decode	0	0	1	1
VB	retrofit	0	0	1	0
VBZ	buries	0	0	1	1
VB	blackface	0	0	1	0
VBG	navigating	0	0	1	1
VBZ	goes	0	0	1	1
VB	wrangle	0	0	1	1
VB	stoke	0	0	1	0
VBG	serving	0	0	1	1
VBG	discontinuing	0	0	1	1
VB	navigate	0	0	1	0
VB	invite	0	0	1	1
VBD	slapped	0	0	1	1
VB	forecast	0	0	1	0
VB	youtube	0	0	1	1
VBP	dispute	0	0	1	0
VBG	producing	0	0	1	0
VBN	appealed	0	0	1	1
VB	threaten	0	0	1	1
VBN	reconsidered	0	0	1	1
VB	demand	0	0	1	0
VB	prolong	0	0	1	1
VBZ	finds	0	0	1	1
VBD	prompted	0	0	1	0
VBZ	destroys	0	0	1	0
VB	example	0	0	1	1
VBP	libertarian	0	0	1	1
VBN	revoked	0	0	1	1
VB	triple	0	0	1	1
VBG	hijacking	0	0	1	1
VBZ	features	0	0	1	1
VBG	repelling	0	0	1	1
VB	schedule	0	0	1	1
VBN	captured	0	0	1	0
VB	nin	0	0	1	0
VBD	transcribed	0	0	1	1
VBP	quicktime	0	0	0	1
VBN	blogged	0	0	0	1
VB	beware	0	0	0	1
VBZ	expedites	0	0	0	1
VBZ	devlopers	0	0	0	1
VBZ	ends	0	0	0	1
VBZ	swallows	0	0	0	1
VBP	hold	0	0	0	2
VB	quintillion	0	0	0	1
VBZ	ceases	0	0	0	1
VBZ	validates	0	0	0	1
VBZ	couples	0	0	0	1
VBN	detailed	0	0	0	1
VB	goodbye	0	0	0	1
VBZ	bovines	0	0	0	1
VBZ	dons	0	0	0	1
VBP	ask	0	0	0	1
VBZ	exposes	0	0	0	1
VBZ	updates	0	0	0	1
VBZ	heats	0	0	0	1
VBZ	abandons	0	0	0	1
VBD	protested	0	0	0	1
VBP	kick	0	0	0	1
VBG	assisting	0	0	0	1
VBZ	omits	0	0	0	1
VBZ	rapes	0	0	0	1
VBN	powered	0	0	0	1
VBZ	gets	0	0	0	5
VB	shoot	0	0	0	1
VB	study	0	0	0	1
VBZ	attempts	0	0	0	1
VBD	heard	0	0	0	1
VBZ	accompanies	0	0	0	1
VB	prepare	0	0	0	1
VB	plant	0	0	0	1
VBP	produce	0	0	0	1
VBZ	quits	0	0	0	1
VBD	holy	0	0	0	1
VBZ	wears	0	0	0	1
VBZ	removes	0	0	0	1
VBD	ordered	0	0	0	1
VBZ	imitates	0	0	0	1
VBD	recieved	0	0	0	1
VBZ	s	0	0	0	1
VBP	smell	0	0	0	1
VBD	mispronounced	0	0	0	1
VBZ	helmets	0	0	0	1
VBZ	exactly	0	0	0	1
VBZ	plans	0	0	0	1
VBZ	filius	0	0	0	1
VBG	dating	0	0	0	1
VBD	unearthed	0	0	0	1
VBP	include	0	0	0	2
VBD	engrossed	0	0	0	1
VBP	file	0	0	0	1
VBD	interviewed	0	0	0	1
VBP	await	0	0	0	1
VB	commemorate	0	0	0	1
VBZ	compares	0	0	0	1
VBZ	stops	0	0	0	1
VBP	quote	0	0	0	1
VB	perform	0	0	0	1
VB	avert	0	0	0	1
VBP	got	0	0	0	1
VBG	demonstrating	0	0	0	1
VBZ	enforcement	0	0	0	1
NNP	us	0	0	0	1
VBD	held	0	0	0	1
VBD	springboard	0	0	0	1
VBG	raising	0	0	0	1
VBZ	confirms	0	0	0	2
VBZ	visits	0	0	0	1
VBZ	eve	0	0	0	1
VBZ	bach	0	0	0	1
VBZ	tracks	0	0	0	1
VBZ	preguntas	0	0	0	1
VBZ	seeks	0	0	0	1
VBP	pay	0	0	0	1
VBD	saw	0	0	0	2
VB	note	0	0	0	1
VBP	parte	0	0	0	1
VBZ	reads	0	0	0	2
VBP	change	0	0	0	1
VBZ	identifies	0	0	0	1
VBP	assume	0	0	0	1
VBZ	muchos	0	0	0	1
VBG	surrounding	0	0	0	1
VBN	put	0	0	0	1
VBG	employing	0	0	0	1
VBP	dot	0	0	0	1
VB	reprogram	0	0	0	1
VBP	arcade	0	0	0	1
VBG	featuring	0	0	0	1
VBZ	bless	0	0	0	1
VBZ	reduces	0	0	0	1
VBZ	videos	0	0	0	1
VBG	canceling	0	0	0	1
VBZ	jimmy	0	0	0	1
VBP	age	0	0	0	1
VBD	ferrofluid	0	0	0	1
VBD	rejected	0	0	0	1
VBN	aged	0	0	0	1
VBD	blew	0	0	0	1
VB	puddle	0	0	0	1
VBP	cloud	0	0	0	1
VBN	voted	0	0	0	1
VBD	weird	0	0	0	1
VBZ	like	0	0	0	1
VB	contribute	0	0	0	1
VBP	look	0	0	0	1
VBP	am	0	0	0	3
VBP	convert	0	0	0	1
VBZ	zombie	0	0	0	1
VBP	know	0	0	0	2
VBD	underwent	0	0	0	1
VBN	given	0	0	0	1
VBD	turned	0	0	0	1
VBZ	comes	0	0	0	1
VB	fly	0	0	0	1
VBG	padlocking	0	0	0	1
VBG	regaining	0	0	0	1
VBP	use	0	0	0	1
VBZ	songs	0	0	0	1
VBG	urging	0	0	0	1
VBP	train	0	0	0	1
VBP	control	0	0	0	1
VBZ	bemoaning	0	0	0	1
VBZ	staring	0	0	0	1
VBZ	needles	0	0	0	1
VB	drop	0	0	0	1
NN	display	0	0	0	1
VBZ	knows	0	0	0	1
VBP	face	0	0	0	1
VBP	occur	0	0	0	1
VBG	tapping	0	0	0	1
VBZ	lies	0	0	0	1
VBZ	frightens	0	0	0	1
VBP	describe	0	0	0	1
VBP	live	0	0	0	1
VBD	ruled	0	0	0	1
VBG	invoking	0	0	0	1
VBG	planning	0	0	0	1
VBD	waved	0	0	0	1
VBG	wearing	0	0	0	1
VBN	sunk	0	0	0	1
VBD	viewed	0	0	0	1
VBZ	recounts	0	0	0	1
VBG	seeking	0	0	0	1
VBZ	pulls	0	0	0	1
VBZ	diagnoses	0	0	0	1
VB	uncover	0	0	0	1
VBG	processing	0	0	0	1
VB	face	0	0	0	1
VBG	representing	0	0	0	1
VBG	umineko	0	0	0	1
VBZ	chases	0	0	0	1
VBG	eating	0	0	0	1
VBN	like	0	0	0	1
VBZ	blames	0	0	0	1
VBN	climbed	0	0	0	1
VBP	perform	0	0	0	1
VBP	add	0	0	0	1
VB	reach	0	0	0	1
VBZ	butchers	0	0	0	1
VBP	wind	0	0	0	1
VBZ	looks	0	0	0	1
VBG	admiring	0	0	0	1
