link on VO	link on VP
sing	1	1
giving	2	0
telling	1	0
need	1	1
posting	1	0
do	2	1
buy	2	0
defaced	1	0
stop	2	0
re-establish	1	0
archived	1	0
send	1	3
changing	1	0
confirms	1	0
assume	1	0
pointed	1	0
spreading	1	0
abandoning	1	0
representing	1	0
hear	1	2
killing	1	0
leaves	1	0
selling	1	2
understanding	1	0
making	5	2
cut	1	0
raise	1	1
say	1	1
blaming	1	0
improve	2	0
make	6	5
organize	1	0
blockaded	1	0
banning	1	0
strut	1	0
resume	1	0
getting	1	1
blown	1	0
thank	1	0
broaden	1	0
burning	1	0
have	1	0
flash	1	0
denouncing	1	0
threatening	1	0
bombard	1	0
banned	1	0
watch	3	3
suspending	1	0
unfogging	1	0
explain	2	0
find	1	1
interesting	3	0
waited	1	0
made	3	1
collects	1	0
donate	1	1
build	4	0
exposing	2	0
behave	1	0
ban	2	1
submitting	1	0
profile	1	0
one-upped	1	0
download	1	1
urging	1	0
falsifying	1	0
criticizing	1	0
follow	1	2
mapping	1	0
favor	1	0
blogging	1	0
view	2	0
create	3	3
gained	1	1
take	4	7
install	1	0
save	2	4
read	4	2
firebombed	1	0
pharming	1	0
declassify	1	0
see	4	3
flaunted	1	0
keep	2	2
test	1	0
sell	2	1
elevate	1	0
re-designs	1	0
eat	1	1
dimming	1	0
redefine	1	0
inspired	1	0
cancel	1	0
punish	1	0
shown	1	0
filed	1	2
removed	2	0
demonstrates	1	0
grad	1	0
sue	1	1
sends	1	0
learn	1	3
compare	1	0
kill	2	0
empty	1	0
map	1	0
keeping	2	0
expand	1	0
understand	1	0
committed	2	0
arranged	1	0
finding	2	0
opening	1	0
out-fox	1	0
reviewing	1	0
reverse	1	0
defend	1	0
protesting	1	0
urges	1	0
received	2	1
contemporary	1	0
spray	1	0
resolving	1	0
batter	1	0
catch	1	0
unleashing	1	0
unravel	1	0
generate	2	1
approved	1	0
question	2	0
opened	1	1
died	7	4
bathe	1	0
shared	2	0
shave	1	0
experience	1	0
pours	1	0
streaming	1	0
imposing	1	0
lost	2	0
portuguese	1	0
embedding	1	0
shot	3	0
launched	1	0
welcomed	1	0
rock	1	0
vintage	1	0
signed	1	1
crashing	1	0
bar	1	0
peel	1	0
shape	1	0
commissioned	1	0
legalizing	1	0
adding	1	0
hazing	1	0
exploit	1	0
nice	1	0
competing	1	0
order	1	0
makes	1	2
dropped	2	0
misused	1	0
found	4	1
judging	1	0
won	3	0
run	1	0
closed	1	0
attended	1	0
saving	1	0
breaking	1	1
dump	1	0
get	4	1
settled	1	0
post	1	3
safeguard	1	0
benefit	1	0
share	1	0
release	2	2
roll	1	0
worn	1	0
become	1	0
reached	1	0
pull	2	0
joined	1	0
decorate	1	0
exclude	1	0
quiz	1	0
banknote	1	0
undearthed	1	0
publish	1	0
blames	1	0
try	1	1
choose	1	0
protect	1	1
filled	1	0
extend	1	0
fighting	1	0
seeking	1	0
sought	1	0
taken	1	0
struck	1	0
tackled	1	0
contracted	1	0
singing	1	0
prevent	1	0
severed	1	0
enlisting	1	0
serve	1	0
touch	1	0
bribed	1	0
filling	1	0
seized	1	0
growing	1	0
resigned	2	0
improvised	1	0
took	1	5
published	2	1
crash	1	0
given	1	0
holding	1	0
critized	1	0
sock	1	0
discuss	1	1
posted	1	1
focused	1	0
play	2	3
lives	1	0
sign	1	0
sold	1	0
hitting	1	0
evolve	1	0
uploads	1	0
remember	1	0
catching	1	0
bypass	1	1
issuing	1	0
faking	1	0
connecting	1	0
facebook	1	0
solicited	1	0
endorsed	1	0
scheduling	1	0
mitigate	1	0
going	1	0
inform	1	0
overthrow	1	0
reconstruct	1	0
flung	1	0
give	2	0
eats	2	0
discovered	1	0
returning	1	0
photographed	2	0
move	1	0
accommodate	1	0
redeemed	1	0
depicting	1	0
paid	1	0
unprotected	1	0
looking	1	0
spark	1	0
track	1	1
conducting	1	0
providing	1	0
downloadable	1	0
sells	1	0
kicking	1	0
destroy	1	0
running	1	0
analyzing	1	0
yanked	1	0
wrote	1	3
revived	1	0
building	1	0
delivering	1	0
watching	1	0
redubs	1	0
sicced	1	0
metatalk	1	0
boiling	1	0
flashing	1	0
join	1	0
seeing	1	0
assesses	1	0
risked	1	0
debunks	1	0
projecting	1	0
using	1	0
investigating	1	0
welcoming	1	0
worried	1	0
funnel	1	0
acquired	1	0
delist	1	0
claimed	1	0
baengnyeong	1	0
hold	1	0
loaning	1	0
deny	1	1
playing	1	0
describes	1	0
rediscovered	1	0
names	1	0
reverend	1	0
downloaded	1	0
ostentatious	1	0
reduced	1	0
recording	1	1
calculate	1	0
fielding	1	0
canceled	1	0
pitched	1	0
braced	1	0
provide	1	0
breathe	1	0
enforce	1	0
bringing	0	1
put	0	7
turned	0	2
releasing	0	1
elect	0	1
foisted	0	1
submit	0	1
enlists	0	1
dabbing	0	1
stick	0	1
beats	0	1
done	0	3
prohibiting	0	1
edited	0	1
match	0	1
dropping	0	1
shed	0	1
claim	0	1
retain	0	1
likens	0	1
tie	0	1
rub	0	1
turning	0	1
chop	0	2
destroyed	0	1
write	0	2
feed	0	1
bring	0	4
organizing	0	1
shoot	0	3
introducing	0	1
collecting	0	1
end	0	2
constitute	0	1
respond	0	1
battering	0	1
outfit	0	1
provides	0	1
splits	0	1
cover	0	1
doing	0	1
heres	0	1
cracked	0	1
identifies	0	1
fed	0	1
plagiarized	0	1
promoting	0	1
arrested	0	1
exploited	0	1
recieved	0	1
takes	0	3
transforming	0	1
gave	0	2
lifted	0	1
sticking	0	1
installed	0	1
grows	0	1
feature	0	1
regret	0	1
€”have	0	1
draining	0	1
supply	0	1
did	0	1
built	0	1
devolved	0	1
lose	0	1
designing	0	1
dispute	0	1
installs	0	1
let	0	1
serves	0	1
limit	0	1
working	0	1
collected	0	1
covered	0	1
taking	0	2
played	0	1
referencing	0	1
click	0	1
pour	0	1
drove	0	1
collect	0	1
encourage	0	1
reinvents	0	1
identified	0	1
predict	0	1
challenged	0	1
awarded	0	1
tells	0	1
redeem	0	1
stopped	0	1
leading	0	1
excused	0	1
linking	0	1
teach	0	1
emulate	0	1
style	0	1
visited	0	1
gun	0	1
rearranges	0	1
draw	0	2
promote	0	1
block	0	1
lead	0	1
turn	0	4
pack	0	2
wrestling	0	1
transform	0	1
sneak	0	1
start	0	1
live	0	1
armored	0	1
repopulating	0	1
show	0	1
remake	0	1
cross	0	1
racing	0	1
review	0	1
does	0	1
tries	0	1
machined	0	1
rejected	0	1
launching	0	1
included	0	1
drew	0	1
pulled	0	1
beat	0	1
amuse	0	1
tracked	0	1
overturned	0	1
prepare	0	1
founded	0	1
knows	0	1
gives	0	2
continued	0	1
underwent	0	1
feeding	0	1
needed	0	1
establish	0	1
align	0	1
avoid	0	1
treated	0	1
likened	0	1
pick	0	1
hit	0	1
use	0	3
set	0	2
forty	0	1
tracks	0	1
staged	0	1
occupy	0	1
carving	0	1
denied	0	2
warned	0	1
faces	0	1
paint	0	1
fallen	0	1
stole	0	1
threw	0	1
concluded	0	1
levitated	0	1
excite	0	1
transformed	0	1
decrying	0	1
trying	0	1
throws	0	1
aired	0	1
compared	0	2
free	0	1
has	0	1
declared	0	1
murdered	0	1
carve	0	1
add	0	2
double	0	1
catches	0	1
released	0	2
circumventing	0	1
sees	0	1
superimpose	0	1
pay	0	1
produce	0	1
keeps	0	1
disseminates	0	1
asks	0	1
abandoned	0	1
beginning	0	1
employed	0	1
phoned	0	1
knitting	0	1
leave	0	1
triggered	0	1
remove	0	1
browse	0	1
having	0	1
mcnabb	0	1
wear	0	2
offers	0	1
helped	0	1
called	0	1
completed	0	1
brings	0	1
spike	0	1
withdrawing	0	1
fights	0	1
compute	0	1
restore	0	1
know	0	1
guarantees	0	1
impose	0	1
ran	0	1
translate	0	1
recounted	0	1
throwing	0	1
